#
# There is insufficient memory for the Java Runtime Environment to continue.
# Native memory allocation (malloc) failed to allocate 453456 bytes for Chunk::new
# Possible reasons:
#   The system is out of physical RAM or swap space
#   The process is running with CompressedOops enabled, and the Java Heap may be blocking the growth of the native heap
# Possible solutions:
#   Reduce memory load on the system
#   Increase physical memory or swap space
#   Check if swap backing store is full
#   Decrease Java heap size (-Xmx/-Xms)
#   Decrease number of Java threads
#   Decrease Java thread stack sizes (-Xss)
#   Set larger code cache with -XX:ReservedCodeCacheSize=
#   JVM is running with Unscaled Compressed Oops mode in which the Java heap is
#     placed in the first 4GB address space. The Java Heap base address is the
#     maximum limit for the native heap growth. Please use -XX:HeapBaseMinAddress
#     to set the Java Heap base and to place the Java Heap above 4GB virtual address.
# This output file may be truncated or incomplete.
#
#  Out of Memory Error (allocation.cpp:389), pid=4168, tid=0x0000000000006f04
#
# JRE version: OpenJDK Runtime Environment (8.0_242-b01) (build 1.8.0_242-release-1644-b01)
# Java VM: OpenJDK 64-Bit Server VM (25.242-b01 mixed mode windows-amd64 compressed oops)
# Failed to write core dump. Minidumps are not enabled by default on client versions of Windows
#

---------------  T H R E A D  ---------------

Current thread (0x0000000019e84800):  JavaThread "C2 CompilerThread1" daemon [_thread_in_native, id=28420, stack(0x000000001a6f0000,0x000000001a7f0000)]

Stack: [0x000000001a6f0000,0x000000001a7f0000]
[error occurred during error reporting (printing stack bounds), id 0xc0000005]

Native frames: (J=compiled Java code, j=interpreted, Vv=VM code, C=native code)


Current CompileTask:
C2:   6587 4241       4       org.objectweb.asm.SymbolTable::addConstantMemberReference (147 bytes)


---------------  P R O C E S S  ---------------

Java Threads: ( => current thread )
  0x00000000210c0800 JavaThread "Cache worker for Build Output Cleanup Cache (E:\Projects\AndroidStudioProjects\LibBlog\.gradle\buildOutputCleanup)" [_thread_blocked, id=13268, stack(0x00000000222f0000,0x00000000223f0000)]
  0x00000000210b8800 JavaThread "Build operations Thread 8" [_thread_blocked, id=25008, stack(0x0000000025d80000,0x0000000025e80000)]
  0x00000000210bf000 JavaThread "Build operations Thread 7" [_thread_blocked, id=18652, stack(0x0000000025c80000,0x0000000025d80000)]
  0x00000000210b7800 JavaThread "Build operations Thread 6" [_thread_blocked, id=28344, stack(0x0000000025b80000,0x0000000025c80000)]
  0x00000000210bb800 JavaThread "Build operations Thread 5" [_thread_blocked, id=28964, stack(0x0000000025a80000,0x0000000025b80000)]
  0x00000000210bc000 JavaThread "Build operations Thread 4" [_thread_blocked, id=26120, stack(0x0000000025980000,0x0000000025a80000)]
  0x00000000210ba800 JavaThread "Build operations Thread 3" [_thread_blocked, id=14580, stack(0x0000000024620000,0x0000000024720000)]
  0x00000000210be800 JavaThread "Build operations Thread 2" [_thread_blocked, id=26000, stack(0x0000000024520000,0x0000000024620000)]
  0x00000000210ba000 JavaThread "Build operations" [_thread_blocked, id=4576, stack(0x0000000024420000,0x0000000024520000)]
  0x000000001ca4b800 JavaThread "Cache worker for execution history cache (C:\Users\Lenovo\.gradle\caches\6.1.1\executionHistory)" [_thread_blocked, id=26236, stack(0x00000000221f0000,0x00000000222f0000)]
  0x000000001ca4a000 JavaThread "Cache worker for cache directory md-rule (C:\Users\Lenovo\.gradle\caches\6.1.1\md-rule)" [_thread_blocked, id=20080, stack(0x00000000220f0000,0x00000000221f0000)]
  0x000000001ca48800 JavaThread "Cache worker for cache directory md-supplier (C:\Users\Lenovo\.gradle\caches\6.1.1\md-supplier)" [_thread_blocked, id=21020, stack(0x0000000021e10000,0x0000000021f10000)]
  0x000000001ca48000 JavaThread "Cache worker for file hash cache (E:\Projects\AndroidStudioProjects\LibBlog\.gradle\6.1.1\fileHashes)" [_thread_blocked, id=13308, stack(0x0000000021ff0000,0x00000000220f0000)]
  0x000000001ca49800 JavaThread "Cache worker for checksums cache (E:\Projects\AndroidStudioProjects\LibBlog\.gradle\checksums)" [_thread_blocked, id=21804, stack(0x0000000020c80000,0x0000000020d80000)]
  0x000000001ca4e800 JavaThread "Cache worker for file hash cache (C:\Users\Lenovo\.gradle\caches\6.1.1\fileHashes)" [_thread_blocked, id=17376, stack(0x000000001e740000,0x000000001e840000)]
  0x000000001ca4e000 JavaThread "File lock request listener" [_thread_in_native, id=11072, stack(0x000000001e640000,0x000000001e740000)]
  0x000000001ca47000 JavaThread "Cache worker for journal cache (C:\Users\Lenovo\.gradle\caches\journal-1)" [_thread_blocked, id=15192, stack(0x000000001e540000,0x000000001e640000)]
  0x000000001c805000 JavaThread "Thread-9" [_thread_blocked, id=23600, stack(0x000000001e240000,0x000000001e340000)]
  0x000000001c800800 JavaThread "Stdin handler" [_thread_blocked, id=3140, stack(0x000000001e140000,0x000000001e240000)]
  0x000000001c7ff000 JavaThread "Asynchronous log dispatcher for DefaultDaemonConnection: socket connection from /127.0.0.1:63013 to /127.0.0.1:63014" [_thread_blocked, id=11204, stack(0x000000001df40000,0x000000001e040000)]
  0x000000001c7fd000 JavaThread "Daemon worker" [_thread_in_Java, id=316, stack(0x000000001de40000,0x000000001df40000)]
  0x000000001c841800 JavaThread "Cancel handler" [_thread_blocked, id=17372, stack(0x000000001dd40000,0x000000001de40000)]
  0x000000001c7f1000 JavaThread "Handler for socket connection from /127.0.0.1:63013 to /127.0.0.1:63014" [_thread_in_native, id=25380, stack(0x000000001da40000,0x000000001db40000)]
  0x000000001c7eb800 JavaThread "Daemon" [_thread_blocked, id=27016, stack(0x000000001d940000,0x000000001da40000)]
  0x000000001c7c9800 JavaThread "Daemon periodic checks" [_thread_blocked, id=7528, stack(0x000000001d840000,0x000000001d940000)]
  0x000000001c763800 JavaThread "Incoming local TCP Connector on port 63013" [_thread_in_native, id=25160, stack(0x000000001d690000,0x000000001d790000)]
  0x000000001c6f3000 JavaThread "Daemon health stats" [_thread_blocked, id=1596, stack(0x000000001d590000,0x000000001d690000)]
  0x0000000019f1d800 JavaThread "Service Thread" daemon [_thread_blocked, id=27656, stack(0x000000001a9f0000,0x000000001aaf0000)]
  0x0000000019e8e800 JavaThread "C1 CompilerThread3" daemon [_thread_blocked, id=5336, stack(0x000000001a8f0000,0x000000001a9f0000)]
  0x0000000019e85800 JavaThread "C2 CompilerThread2" daemon [_thread_in_native, id=29400, stack(0x000000001a7f0000,0x000000001a8f0000)]
=>0x0000000019e84800 JavaThread "C2 CompilerThread1" daemon [_thread_in_native, id=28420, stack(0x000000001a6f0000,0x000000001a7f0000)]
  0x0000000019e81800 JavaThread "C2 CompilerThread0" daemon [_thread_in_native, id=27164, stack(0x000000001a5f0000,0x000000001a6f0000)]
  0x0000000019e7f800 JavaThread "Attach Listener" daemon [_thread_blocked, id=11780, stack(0x000000001a4f0000,0x000000001a5f0000)]
  0x0000000019e7e000 JavaThread "Signal Dispatcher" daemon [_thread_blocked, id=26300, stack(0x000000001a3f0000,0x000000001a4f0000)]
  0x0000000019e10800 JavaThread "Finalizer" daemon [_thread_blocked, id=1376, stack(0x000000001a2f0000,0x000000001a3f0000)]
  0x000000001801c000 JavaThread "Reference Handler" daemon [_thread_blocked, id=23532, stack(0x000000001a1f0000,0x000000001a2f0000)]
  0x0000000002eb2800 JavaThread "main" [_thread_blocked, id=22180, stack(0x0000000002db0000,0x0000000002eb0000)]

Other Threads:
  0x0000000018016800 VMThread [stack: 0x0000000019cf0000,0x0000000019df0000] [id=29640]
  0x0000000019f1e800 WatcherThread [stack: 0x000000001aaf0000,0x000000001abf0000] [id=18540]

VM state:not at safepoint (normal execution)

VM Mutex/Monitor currently owned by a thread: None

heap address: 0x0000000080000000, size: 2048 MB, Compressed Oops mode: 32-bit
Narrow klass base: 0x0000000000000000, Narrow klass shift: 3
Compressed class space size: 1073741824 Address: 0x0000000100000000

Heap:
 PSYoungGen      total 117248K, used 25925K [0x00000000d5580000, 0x00000000dec80000, 0x0000000100000000)
  eden space 104960K, 24% used [0x00000000d5580000,0x00000000d6ed1728,0x00000000dbc00000)
  from space 12288K, 0% used [0x00000000dbc00000,0x00000000dbc00000,0x00000000dc800000)
  to   space 11776K, 0% used [0x00000000de100000,0x00000000de100000,0x00000000dec80000)
 ParOldGen       total 98304K, used 23617K [0x0000000080000000, 0x0000000086000000, 0x00000000d5580000)
  object space 98304K, 24% used [0x0000000080000000,0x0000000081710798,0x0000000086000000)
 Metaspace       used 46054K, capacity 47762K, committed 48168K, reserved 1093632K
  class space    used 6250K, capacity 6644K, committed 6696K, reserved 1048576K

Card table byte_map: [0x0000000012370000,0x0000000012780000] byte_map_base: 0x0000000011f70000

Marking Bits: (ParMarkBitMap*) 0x000000005d42f030
 Begin Bits: [0x0000000013230000, 0x0000000015230000)
 End Bits:   [0x0000000015230000, 0x0000000017230000)

Polling page: 0x0000000001190000

CodeCache: size=245760Kb used=13098Kb max_used=13119Kb free=232661Kb
 bounds [0x0000000002fb0000, 0x0000000003c90000, 0x0000000011fb0000]
 total_blobs=4580 nmethods=3832 adapters=660
 compilation: enabled

Compilation events (10 events):
Event: 6.574 Thread 0x0000000019e8e800 4277       3       java.lang.ClassLoader::compareCerts (149 bytes)
Event: 6.574 Thread 0x0000000019e8e800 nmethod 4277 0x0000000003c7d390 code [0x0000000003c7d560, 0x0000000003c7ddf8]
Event: 6.577 Thread 0x0000000019e8e800 4278       1       com.google.common.collect.MapMakerInternalMap$1::clear (1 bytes)
Event: 6.577 Thread 0x0000000019e8e800 nmethod 4278 0x0000000003c450d0 code [0x0000000003c45220, 0x0000000003c45330]
Event: 6.578 Thread 0x0000000019e81800 nmethod 4143 0x0000000003c7e0d0 code [0x0000000003c7e640, 0x0000000003c83fc0]
Event: 6.578 Thread 0x0000000019e81800 4276       4       sun.nio.fs.WindowsPathParser::normalize (233 bytes)
Event: 6.581 Thread 0x0000000019e8e800 4279       3       java.lang.Class::createAnnotationData (192 bytes)
Event: 6.582 Thread 0x0000000019e8e800 nmethod 4279 0x0000000003c7b1d0 code [0x0000000003c7b4e0, 0x0000000003c7ca38]
Event: 6.582 Thread 0x0000000019e8e800 4280       3       sun.reflect.ConstantPool::getIntAt (10 bytes)
Event: 6.582 Thread 0x0000000019e8e800 nmethod 4280 0x0000000003c7ae50 code [0x0000000003c7afc0, 0x0000000003c7b148]

GC Heap History (10 events):
Event: 4.758 GC heap before
{Heap before GC invocations=8 (full 1):
 PSYoungGen      total 116224K, used 55320K [0x00000000d5580000, 0x00000000dd380000, 0x0000000100000000)
  eden space 104448K, 45% used [0x00000000d5580000,0x00000000d837b930,0x00000000dbb80000)
  from space 11776K, 69% used [0x00000000dc800000,0x00000000dd00aa10,0x00000000dd380000)
  to   space 12288K, 0% used [0x00000000dbb80000,0x00000000dbb80000,0x00000000dc780000)
 ParOldGen       total 98304K, used 7887K [0x0000000080000000, 0x0000000086000000, 0x00000000d5580000)
  object space 98304K, 8% used [0x0000000080000000,0x00000000807b3d88,0x0000000086000000)
 Metaspace       used 34364K, capacity 35398K, committed 35496K, reserved 1079296K
  class space    used 4679K, capacity 4946K, committed 5032K, reserved 1048576K
Event: 4.764 GC heap after
Heap after GC invocations=8 (full 1):
 PSYoungGen      total 116736K, used 9949K [0x00000000d5580000, 0x00000000dd380000, 0x0000000100000000)
  eden space 104448K, 0% used [0x00000000d5580000,0x00000000d5580000,0x00000000dbb80000)
  from space 12288K, 80% used [0x00000000dbb80000,0x00000000dc5376a8,0x00000000dc780000)
  to   space 11776K, 0% used [0x00000000dc800000,0x00000000dc800000,0x00000000dd380000)
 ParOldGen       total 98304K, used 7895K [0x0000000080000000, 0x0000000086000000, 0x00000000d5580000)
  object space 98304K, 8% used [0x0000000080000000,0x00000000807b5d88,0x0000000086000000)
 Metaspace       used 34364K, capacity 35398K, committed 35496K, reserved 1079296K
  class space    used 4679K, capacity 4946K, committed 5032K, reserved 1048576K
}
Event: 4.764 GC heap before
{Heap before GC invocations=9 (full 2):
 PSYoungGen      total 116736K, used 9949K [0x00000000d5580000, 0x00000000dd380000, 0x0000000100000000)
  eden space 104448K, 0% used [0x00000000d5580000,0x00000000d5580000,0x00000000dbb80000)
  from space 12288K, 80% used [0x00000000dbb80000,0x00000000dc5376a8,0x00000000dc780000)
  to   space 11776K, 0% used [0x00000000dc800000,0x00000000dc800000,0x00000000dd380000)
 ParOldGen       total 98304K, used 7895K [0x0000000080000000, 0x0000000086000000, 0x00000000d5580000)
  object space 98304K, 8% used [0x0000000080000000,0x00000000807b5d88,0x0000000086000000)
 Metaspace       used 34364K, capacity 35398K, committed 35496K, reserved 1079296K
  class space    used 4679K, capacity 4946K, committed 5032K, reserved 1048576K
Event: 4.802 GC heap after
Heap after GC invocations=9 (full 2):
 PSYoungGen      total 116736K, used 0K [0x00000000d5580000, 0x00000000dd380000, 0x0000000100000000)
  eden space 104448K, 0% used [0x00000000d5580000,0x00000000d5580000,0x00000000dbb80000)
  from space 12288K, 0% used [0x00000000dbb80000,0x00000000dbb80000,0x00000000dc780000)
  to   space 11776K, 0% used [0x00000000dc800000,0x00000000dc800000,0x00000000dd380000)
 ParOldGen       total 98304K, used 17241K [0x0000000080000000, 0x0000000086000000, 0x00000000d5580000)
  object space 98304K, 17% used [0x0000000080000000,0x00000000810d6450,0x0000000086000000)
 Metaspace       used 34364K, capacity 35398K, committed 35496K, reserved 1079296K
  class space    used 4679K, capacity 4946K, committed 5032K, reserved 1048576K
}
Event: 5.873 GC heap before
{Heap before GC invocations=10 (full 2):
 PSYoungGen      total 116736K, used 104448K [0x00000000d5580000, 0x00000000dd380000, 0x0000000100000000)
  eden space 104448K, 100% used [0x00000000d5580000,0x00000000dbb80000,0x00000000dbb80000)
  from space 12288K, 0% used [0x00000000dbb80000,0x00000000dbb80000,0x00000000dc780000)
  to   space 11776K, 0% used [0x00000000dc800000,0x00000000dc800000,0x00000000dd380000)
 ParOldGen       total 98304K, used 17241K [0x0000000080000000, 0x0000000086000000, 0x00000000d5580000)
  object space 98304K, 17% used [0x0000000080000000,0x00000000810d6450,0x0000000086000000)
 Metaspace       used 40518K, capacity 42218K, committed 42408K, reserved 1085440K
  class space    used 5583K, capacity 5968K, committed 6056K, reserved 1048576K
Event: 5.878 GC heap after
Heap after GC invocations=10 (full 2):
 PSYoungGen      total 116736K, used 9153K [0x00000000d5580000, 0x00000000dfc80000, 0x0000000100000000)
  eden space 104960K, 0% used [0x00000000d5580000,0x00000000d5580000,0x00000000dbc00000)
  from space 11776K, 77% used [0x00000000dc800000,0x00000000dd0f0778,0x00000000dd380000)
  to   space 12288K, 0% used [0x00000000dbc00000,0x00000000dbc00000,0x00000000dc800000)
 ParOldGen       total 98304K, used 17249K [0x0000000080000000, 0x0000000086000000, 0x00000000d5580000)
  object space 98304K, 17% used [0x0000000080000000,0x00000000810d8450,0x0000000086000000)
 Metaspace       used 40518K, capacity 42218K, committed 42408K, reserved 1085440K
  class space    used 5583K, capacity 5968K, committed 6056K, reserved 1048576K
}
Event: 6.212 GC heap before
{Heap before GC invocations=11 (full 2):
 PSYoungGen      total 116736K, used 47682K [0x00000000d5580000, 0x00000000dfc80000, 0x0000000100000000)
  eden space 104960K, 36% used [0x00000000d5580000,0x00000000d7b200c8,0x00000000dbc00000)
  from space 11776K, 77% used [0x00000000dc800000,0x00000000dd0f0778,0x00000000dd380000)
  to   space 12288K, 0% used [0x00000000dbc00000,0x00000000dbc00000,0x00000000dc800000)
 ParOldGen       total 98304K, used 17249K [0x0000000080000000, 0x0000000086000000, 0x00000000d5580000)
  object space 98304K, 17% used [0x0000000080000000,0x00000000810d8450,0x0000000086000000)
 Metaspace       used 44412K, capacity 46238K, committed 46376K, reserved 1093632K
  class space    used 6047K, capacity 6438K, committed 6440K, reserved 1048576K
Event: 6.217 GC heap after
Heap after GC invocations=11 (full 2):
 PSYoungGen      total 117248K, used 8819K [0x00000000d5580000, 0x00000000dec80000, 0x0000000100000000)
  eden space 104960K, 0% used [0x00000000d5580000,0x00000000d5580000,0x00000000dbc00000)
  from space 12288K, 71% used [0x00000000dbc00000,0x00000000dc49cff0,0x00000000dc800000)
  to   space 11776K, 0% used [0x00000000de100000,0x00000000de100000,0x00000000dec80000)
 ParOldGen       total 98304K, used 17249K [0x0000000080000000, 0x0000000086000000, 0x00000000d5580000)
  object space 98304K, 17% used [0x0000000080000000,0x00000000810d8450,0x0000000086000000)
 Metaspace       used 44412K, capacity 46238K, committed 46376K, reserved 1093632K
  class space    used 6047K, capacity 6438K, committed 6440K, reserved 1048576K
}
Event: 6.217 GC heap before
{Heap before GC invocations=12 (full 3):
 PSYoungGen      total 117248K, used 8819K [0x00000000d5580000, 0x00000000dec80000, 0x0000000100000000)
  eden space 104960K, 0% used [0x00000000d5580000,0x00000000d5580000,0x00000000dbc00000)
  from space 12288K, 71% used [0x00000000dbc00000,0x00000000dc49cff0,0x00000000dc800000)
  to   space 11776K, 0% used [0x00000000de100000,0x00000000de100000,0x00000000dec80000)
 ParOldGen       total 98304K, used 17249K [0x0000000080000000, 0x0000000086000000, 0x00000000d5580000)
  object space 98304K, 17% used [0x0000000080000000,0x00000000810d8450,0x0000000086000000)
 Metaspace       used 44412K, capacity 46238K, committed 46376K, reserved 1093632K
  class space    used 6047K, capacity 6438K, committed 6440K, reserved 1048576K
Event: 6.379 GC heap after
Heap after GC invocations=12 (full 3):
 PSYoungGen      total 117248K, used 0K [0x00000000d5580000, 0x00000000dec80000, 0x0000000100000000)
  eden space 104960K, 0% used [0x00000000d5580000,0x00000000d5580000,0x00000000dbc00000)
  from space 12288K, 0% used [0x00000000dbc00000,0x00000000dbc00000,0x00000000dc800000)
  to   space 11776K, 0% used [0x00000000de100000,0x00000000de100000,0x00000000dec80000)
 ParOldGen       total 98304K, used 23617K [0x0000000080000000, 0x0000000086000000, 0x00000000d5580000)
  object space 98304K, 24% used [0x0000000080000000,0x0000000081710798,0x0000000086000000)
 Metaspace       used 44377K, capacity 46118K, committed 46376K, reserved 1093632K
  class space    used 6036K, capacity 6418K, committed 6440K, reserved 1048576K
}

Deoptimization events (10 events):
Event: 6.453 Thread 0x000000001c7fd000 Uncommon trap: reason=unstable_if action=reinterpret pc=0x0000000003632254 method=java.util.jar.JarFile.maybeInstantiateVerifier()V @ 4
Event: 6.453 Thread 0x000000001c7fd000 Uncommon trap: reason=unstable_if action=reinterpret pc=0x00000000033c2170 method=java.security.CodeSource.<init>(Ljava/net/URL;[Ljava/security/CodeSigner;)V @ 25
Event: 6.454 Thread 0x000000001c7fd000 Uncommon trap: reason=unstable_if action=reinterpret pc=0x000000000355d72c method=java.security.CodeSource.getCertificates()[Ljava/security/cert/Certificate; @ 22
Event: 6.455 Thread 0x000000001c7fd000 Uncommon trap: reason=unstable_if action=reinterpret pc=0x0000000003a1b784 method=java.util.jar.JarFile.maybeInstantiateVerifier()V @ 4
Event: 6.455 Thread 0x000000001c7fd000 Uncommon trap: reason=unstable_if action=reinterpret pc=0x00000000034f9ef0 method=java.util.jar.JarFile.maybeInstantiateVerifier()V @ 4
Event: 6.455 Thread 0x000000001c7fd000 Uncommon trap: reason=unstable_if action=reinterpret pc=0x0000000003715708 method=java.util.jar.JarFile.maybeInstantiateVerifier()V @ 4
Event: 6.455 Thread 0x000000001c7fd000 Uncommon trap: reason=unstable_if action=reinterpret pc=0x000000000364c844 method=java.security.CodeSource.matchCerts(Ljava/security/CodeSource;Z)Z @ 11
Event: 6.455 Thread 0x000000001c7fd000 Uncommon trap: reason=unstable_if action=reinterpret pc=0x00000000036d3f68 method=java.lang.ClassLoader.compareCerts([Ljava/security/cert/Certificate;[Ljava/security/cert/Certificate;)Z @ 1
Event: 6.470 Thread 0x000000001c7fd000 Uncommon trap: reason=unstable_if action=reinterpret pc=0x0000000003bd1614 method=java.util.LinkedHashMap.get(Ljava/lang/Object;)Ljava/lang/Object; @ 20
Event: 6.495 Thread 0x000000001c7fd000 Uncommon trap: reason=unstable_if action=reinterpret pc=0x0000000003226e00 method=java.security.CodeSource.matchCerts(Ljava/security/CodeSource;Z)Z @ 11

Classes redefined (0 events):
No events

Internal exceptions (10 events):
Event: 5.572 Thread 0x000000001c7fd000 Exception <a 'java/lang/ClassNotFoundException': org/gradle/api/DefaultTaskBeanInfo> (0x00000000da4389a8) thrown at [C:\src\AOSP-openjdk-git\hotspot\src\share\vm\classfile\systemDictionary.cpp, line 210]
Event: 5.573 Thread 0x000000001c7fd000 Exception <a 'java/lang/ClassNotFoundException': org/gradle/api/internal/AbstractTaskBeanInfo> (0x00000000da46c278) thrown at [C:\src\AOSP-openjdk-git\hotspot\src\share\vm\classfile\systemDictionary.cpp, line 210]
Event: 5.573 Thread 0x000000001c7fd000 Exception <a 'java/lang/ClassNotFoundException': org/gradle/api/internal/AbstractTaskCustomizer> (0x00000000da4a0940) thrown at [C:\src\AOSP-openjdk-git\hotspot\src\share\vm\classfile\systemDictionary.cpp, line 210]
Event: 5.576 Thread 0x000000001c7fd000 Exception <a 'java/lang/ClassNotFoundException': org/gradle/api/DefaultTaskCustomizer> (0x00000000da5354c0) thrown at [C:\src\AOSP-openjdk-git\hotspot\src\share\vm\classfile\systemDictionary.cpp, line 210]
Event: 5.577 Thread 0x000000001c7fd000 Exception <a 'java/lang/ClassNotFoundException': org/gradle/api/internal/ConventionTaskCustomizer> (0x00000000da57b720) thrown at [C:\src\AOSP-openjdk-git\hotspot\src\share\vm\classfile\systemDictionary.cpp, line 210]
Event: 5.578 Thread 0x000000001c7fd000 Exception <a 'java/lang/ClassNotFoundException': org/gradle/api/tasks/DeleteCustomizer> (0x00000000da5be048) thrown at [C:\src\AOSP-openjdk-git\hotspot\src\share\vm\classfile\systemDictionary.cpp, line 210]
Event: 5.580 Thread 0x000000001c7fd000 Exception <a 'java/lang/ClassNotFoundException': org/gradle/api/tasks/Delete_DecoratedCustomizer> (0x00000000da60e840) thrown at [C:\src\AOSP-openjdk-git\hotspot\src\share\vm\classfile\systemDictionary.cpp, line 210]
Event: 5.601 Thread 0x000000001c7fd000 Exception <a 'java/lang/ClassNotFoundException': build_6tze2d4crncwmziw7a0g141dtBeanInfo> (0x00000000da746370) thrown at [C:\src\AOSP-openjdk-git\hotspot\src\share\vm\classfile\systemDictionary.cpp, line 210]
Event: 5.601 Thread 0x000000001c7fd000 Exception <a 'java/lang/ClassNotFoundException': build_6tze2d4crncwmziw7a0g141dtCustomizer> (0x00000000da753528) thrown at [C:\src\AOSP-openjdk-git\hotspot\src\share\vm\classfile\systemDictionary.cpp, line 210]
Event: 6.391 Thread 0x000000001c7fd000 Implicit null exception at 0x0000000003b93988 to 0x0000000003b93b15

Events (10 events):
Event: 6.579 loading class com/android/build/gradle/internal/api/TestedVariant
Event: 6.579 loading class com/android/build/gradle/internal/api/TestedVariant done
Event: 6.580 loading class com/android/builder/core/LibraryRequest
Event: 6.580 loading class com/android/builder/core/LibraryRequest done
Event: 6.580 loading class com/android/build/api/variant/VariantFilter
Event: 6.580 loading class com/android/build/api/variant/VariantFilter done
Event: 6.581 loading class kotlin/ReplaceWith
Event: 6.581 loading class kotlin/ReplaceWith done
Event: 6.582 loading class org/gradle/api/tasks/Internal
Event: 6.582 loading class org/gradle/api/tasks/Internal done


Dynamic libraries:
0x00007ff7f89b0000 - 0x00007ff7f89e1000 	C:\Program Files\Android\Android Studio\jre\bin\java.exe
0x00007fff0a760000 - 0x00007fff0a950000 	C:\Windows\SYSTEM32\ntdll.dll
0x00007fff09860000 - 0x00007fff09912000 	C:\Windows\System32\KERNEL32.DLL
0x00007fff077c0000 - 0x00007fff07a65000 	C:\Windows\System32\KERNELBASE.dll
0x00007fff08d70000 - 0x00007fff08e13000 	C:\Windows\System32\ADVAPI32.dll
0x00007fff095e0000 - 0x00007fff0967e000 	C:\Windows\System32\msvcrt.dll
0x00007fff08c40000 - 0x00007fff08cd7000 	C:\Windows\System32\sechost.dll
0x00007fff0a2f0000 - 0x00007fff0a40f000 	C:\Windows\System32\RPCRT4.dll
0x00007fff089d0000 - 0x00007fff08b64000 	C:\Windows\System32\USER32.dll
0x00007fff07f60000 - 0x00007fff07f81000 	C:\Windows\System32\win32u.dll
0x00007fff0a2c0000 - 0x00007fff0a2e6000 	C:\Windows\System32\GDI32.dll
0x00007fff07cc0000 - 0x00007fff07e58000 	C:\Windows\System32\gdi32full.dll
0x00007fff07e60000 - 0x00007fff07efe000 	C:\Windows\System32\msvcp_win.dll
0x00007fff08710000 - 0x00007fff0880a000 	C:\Windows\System32\ucrtbase.dll
0x00007fff06af0000 - 0x00007fff06d74000 	C:\Windows\WinSxS\amd64_microsoft.windows.common-controls_6595b64144ccf1df_6.0.18362.1379_none_9e7ff3b3e45cc0c4\COMCTL32.dll
0x00007fff099a0000 - 0x00007fff09cd7000 	C:\Windows\System32\combase.dll
0x00007fff07700000 - 0x00007fff07781000 	C:\Windows\System32\bcryptPrimitives.dll
0x00007fff08ce0000 - 0x00007fff08d0e000 	C:\Windows\System32\IMM32.DLL
0x000000005caa0000 - 0x000000005cb72000 	C:\Program Files\Android\Android Studio\jre\jre\bin\msvcr100.dll
0x000000005cc60000 - 0x000000005d4ab000 	C:\Program Files\Android\Android Studio\jre\jre\bin\server\jvm.dll
0x00007fff0a2b0000 - 0x00007fff0a2b8000 	C:\Windows\System32\PSAPI.DLL
0x00007fff002e0000 - 0x00007fff002e9000 	C:\Windows\SYSTEM32\WSOCK32.dll
0x00007fff05750000 - 0x00007fff0575a000 	C:\Windows\SYSTEM32\VERSION.dll
0x00007fff05840000 - 0x00007fff05864000 	C:\Windows\SYSTEM32\WINMM.dll
0x00007fff096e0000 - 0x00007fff0974f000 	C:\Windows\System32\WS2_32.dll
0x00007fff057f0000 - 0x00007fff0581d000 	C:\Windows\SYSTEM32\WINMMBASE.dll
0x00007fff07a70000 - 0x00007fff07aba000 	C:\Windows\System32\cfgmgr32.dll
0x00007fff001e0000 - 0x00007fff001ef000 	C:\Program Files\Android\Android Studio\jre\jre\bin\verify.dll
0x00007ffefcb90000 - 0x00007ffefcbb9000 	C:\Program Files\Android\Android Studio\jre\jre\bin\java.dll
0x00007ffeff4a0000 - 0x00007ffeff4b6000 	C:\Program Files\Android\Android Studio\jre\jre\bin\zip.dll
0x00007fff08e20000 - 0x00007fff09508000 	C:\Windows\System32\SHELL32.dll
0x00007fff09cf0000 - 0x00007fff09d97000 	C:\Windows\System32\shcore.dll
0x00007fff07f90000 - 0x00007fff0870b000 	C:\Windows\System32\windows.storage.dll
0x00007fff076b0000 - 0x00007fff076d3000 	C:\Windows\System32\profapi.dll
0x00007fff07640000 - 0x00007fff0768a000 	C:\Windows\System32\powrprof.dll
0x00007fff07610000 - 0x00007fff07620000 	C:\Windows\System32\UMPDC.dll
0x00007fff09800000 - 0x00007fff09852000 	C:\Windows\System32\shlwapi.dll
0x00007fff07690000 - 0x00007fff076a1000 	C:\Windows\System32\kernel.appcore.dll
0x00007fff076e0000 - 0x00007fff076f7000 	C:\Windows\System32\cryptsp.dll
0x00007ffefce60000 - 0x00007ffefce7a000 	C:\Program Files\Android\Android Studio\jre\jre\bin\net.dll
0x00007fff06910000 - 0x00007fff06977000 	C:\Windows\system32\mswsock.dll
0x00007ffef2a00000 - 0x00007ffef2a13000 	C:\Program Files\Android\Android Studio\jre\jre\bin\nio.dll
0x00007ffeef8e0000 - 0x00007ffeef906000 	C:\Users\Lenovo\.gradle\native\31\windows-amd64\native-platform.dll
0x00007ffefb1b0000 - 0x00007ffefb1bd000 	C:\Program Files\Android\Android Studio\jre\jre\bin\management.dll
0x00007fff06350000 - 0x00007fff06383000 	C:\Windows\system32\rsaenh.dll
0x00007fff07790000 - 0x00007fff077b6000 	C:\Windows\System32\bcrypt.dll
0x00007fff074f0000 - 0x00007fff07515000 	C:\Windows\SYSTEM32\USERENV.dll
0x00007fff06a10000 - 0x00007fff06a1c000 	C:\Windows\SYSTEM32\CRYPTBASE.dll
0x00007fff064e0000 - 0x00007fff0651a000 	C:\Windows\SYSTEM32\IPHLPAPI.DLL
0x00007fff08880000 - 0x00007fff08888000 	C:\Windows\System32\NSI.dll
0x00007ffefc2f0000 - 0x00007ffefc306000 	C:\Windows\SYSTEM32\dhcpcsvc6.DLL
0x00007ffefc220000 - 0x00007ffefc23c000 	C:\Windows\SYSTEM32\dhcpcsvc.DLL
0x00007fff06570000 - 0x00007fff0663b000 	C:\Windows\SYSTEM32\DNSAPI.dll

VM Arguments:
jvm_args: -Xmx2048m -Dfile.encoding=GBK -Duser.country=CN -Duser.language=zh -Duser.variant 
java_command: org.gradle.launcher.daemon.bootstrap.GradleDaemon 6.1.1
java_class_path (initial): C:\Users\Lenovo\.gradle\wrapper\dists\gradle-6.1.1-all\cfmwm155h49vnt3hynmlrsdst\gradle-6.1.1\lib\gradle-launcher-6.1.1.jar
Launcher Type: SUN_STANDARD

Environment Variables:
JAVA_HOME=C:\Program Files\Java\jdk1.8.0_251
CLASSPATH=.;C:\Program Files\Java\jdk1.8.0_251\bin;C:\Program Files\Java\jdk1.8.0_251\lib\dt.jar;C:\Program Files\Java\jdk1.8.0_251\lib\tools.jar
PATH=C:\Program Files (x86)\Common Files\Intel\Shared Libraries\redist\intel64_win\compiler;C:\Program Files (x86)\Common Files\Oracle\Java\javapath;C:\Windows\system32;C:\Program Files\Java\jdk1.8.0_251;C:\Program Files\nodejs;C:\Program Files\NVIDIA Corporation\NVIDIA NvDLISR;C:\Program Files (x86)\NVIDIA Corporation\PhysX\Common;C:\Windows\System32\OpenSSH\;C:\Windows\System32\WindowsPowerShell\v1.0\;C:\Windows\System32\Wbem;C:\Windows;D:\Program\Maven\apache-maven-3.6.3\bin;D:\Gradle\gradle-6.5\bin;C:\Program Files\Java\jre1.8.0_251\bin;C:\Program Files\MySQL\MySQL Server 8.0\bin;D:\Program\Matlab\bin;C:\Users\Lenovo\AppData\Local\Programs\Python\Python38-32\Scripts;C:\Program Files\python;C:\Program Files\python\Scripts;D:\Program\BtSoft\panel\script;C:\Program Files\python;C:\Program Files\python\Scripts;D:\Program\BtSoft\panel\script;C:\Program Files\python;C:\Program Files\python\Scripts;D:\Program\BtSoft\panel\script;D:\Program\httpd_2.4.46\Apache24\bin;D:\Program\php;D:\Program\php\ext;D:\Program\Go\bin;D:\Program\ffmpeg\bin;C:\Program Files\Wolfram Research\WolframScript\;C:\Users\Lenovo\AppData\Local\Android\Sdk\platform-tools;C:\Program Files\MySQL\MySQL Shell 8.0\bin\;C:\Users\Lenovo\AppData\Local\Microsoft\WindowsApps;C:\Users\Lenovo\AppData\Roaming\npm;C:\Program Files\JetBrains\PyCharm 2020.1.2\bin;C:\Users\Lenovo\AppData\Local\Programs\Microsoft VS Code\bin;C:\Users\Lenovo\AppData\Local\GitHubDesktop\bin;C:\Program Files\Java\jdk1.8.0_251\bin;D:\Dart\dart-sdk\bin;D:\flutter\bin;D:\Program\Git\bin;D:\Program\Git\mingw32\libexec\git-core;D:\Program\Git\mingw32\bin;D:\Program\Git\cmd;C:\Program Files\JetBrains\IntelliJ IDEA 2020.1.2\bin;C:\Program Files\JetBrains\WebStorm 2020.1.2\bin;C:\Program Files\JetBrains\PhpStorm 2020.1.2\bin;C:\Users\Lenovo\go\bin
USERNAME=Lenovo
OS=Windows_NT
PROCESSOR_IDENTIFIER=Intel64 Family 6 Model 126 Stepping 5, GenuineIntel



---------------  S Y S T E M  ---------------

OS: Windows 10.0 , 64 bit Build 18362 (10.0.18362.1350)

CPU:total 8 (initial active 8) (4 cores per cpu, 2 threads per core) family 6 model 126 stepping 5, cmov, cx8, fxsr, mmx, sse, sse2, sse3, ssse3, sse4.1, sse4.2, popcnt, avx, avx2, aes, clmul, erms, 3dnowpref, lzcnt, ht, tsc, tscinvbit, bmi1, bmi2, adx

Memory: 4k page, physical 16547832k(774608k free), swap 24936440k(5276k free)

vm_info: OpenJDK 64-Bit Server VM (25.242-b01) for windows-amd64 JRE (1.8.0_242-release-1644-b01), built by "builder" with MS VC++ 10.0 (VS2010)

time: Fri Mar 05 14:47:53 2021
timezone: 中国标准时间
elapsed time: 6 seconds (0d 0h 0m 6s)

