#
# There is insufficient memory for the Java Runtime Environment to continue.
# Native memory allocation (malloc) failed to allocate 494656 bytes for Chunk::new
# Possible reasons:
#   The system is out of physical RAM or swap space
#   The process is running with CompressedOops enabled, and the Java Heap may be blocking the growth of the native heap
# Possible solutions:
#   Reduce memory load on the system
#   Increase physical memory or swap space
#   Check if swap backing store is full
#   Decrease Java heap size (-Xmx/-Xms)
#   Decrease number of Java threads
#   Decrease Java thread stack sizes (-Xss)
#   Set larger code cache with -XX:ReservedCodeCacheSize=
#   JVM is running with Unscaled Compressed Oops mode in which the Java heap is
#     placed in the first 4GB address space. The Java Heap base address is the
#     maximum limit for the native heap growth. Please use -XX:HeapBaseMinAddress
#     to set the Java Heap base and to place the Java Heap above 4GB virtual address.
# This output file may be truncated or incomplete.
#
#  Out of Memory Error (allocation.cpp:389), pid=5772, tid=0x000000000000446c
#
# JRE version: OpenJDK Runtime Environment (8.0_242-b01) (build 1.8.0_242-release-1644-b01)
# Java VM: OpenJDK 64-Bit Server VM (25.242-b01 mixed mode windows-amd64 compressed oops)
# Failed to write core dump. Minidumps are not enabled by default on client versions of Windows
#

---------------  T H R E A D  ---------------

Current thread (0x000000001a3c2000):  JavaThread "C2 CompilerThread1" daemon [_thread_in_native, id=17516, stack(0x000000001ac30000,0x000000001ad30000)]

Stack: [0x000000001ac30000,0x000000001ad30000]
[error occurred during error reporting (printing stack bounds), id 0xc0000005]

Native frames: (J=compiled Java code, j=interpreted, Vv=VM code, C=native code)


Current CompileTask:
C2:   5239 3876   !   4       java.util.jar.Attributes::read (380 bytes)


---------------  P R O C E S S  ---------------

Java Threads: ( => current thread )
  0x000000001f1c4000 JavaThread "Cache worker for Build Output Cleanup Cache (E:\Projects\AndroidStudioProjects\LibBlog\.gradle\buildOutputCleanup)" [_thread_blocked, id=11232, stack(0x0000000025450000,0x0000000025550000)]
  0x000000001f1c2000 JavaThread "Build operations Thread 8" [_thread_blocked, id=28596, stack(0x0000000024d50000,0x0000000024e50000)]
  0x000000001f1c0000 JavaThread "Build operations Thread 7" [_thread_blocked, id=28656, stack(0x0000000024c50000,0x0000000024d50000)]
  0x000000001f1bd800 JavaThread "Build operations Thread 6" [_thread_blocked, id=10532, stack(0x0000000024b50000,0x0000000024c50000)]
  0x000000001f1be800 JavaThread "Build operations Thread 5" [_thread_blocked, id=10972, stack(0x0000000024a50000,0x0000000024b50000)]
  0x000000001f1bb800 JavaThread "Build operations Thread 4" [_thread_blocked, id=20156, stack(0x0000000024950000,0x0000000024a50000)]
  0x000000001f1bc000 JavaThread "Build operations Thread 3" [_thread_blocked, id=428, stack(0x0000000024850000,0x0000000024950000)]
  0x000000001f1bf000 JavaThread "Build operations Thread 2" [_thread_blocked, id=16552, stack(0x0000000024460000,0x0000000024560000)]
  0x000000001f1c1800 JavaThread "Build operations" [_thread_blocked, id=6504, stack(0x0000000024360000,0x0000000024460000)]
  0x000000001cfcf800 JavaThread "Cache worker for execution history cache (C:\Users\Lenovo\.gradle\caches\6.1.1\executionHistory)" [_thread_blocked, id=16244, stack(0x0000000022890000,0x0000000022990000)]
  0x000000001cfcd800 JavaThread "Cache worker for cache directory md-rule (C:\Users\Lenovo\.gradle\caches\6.1.1\md-rule)" [_thread_blocked, id=10920, stack(0x0000000022790000,0x0000000022890000)]
  0x000000001cfce000 JavaThread "Cache worker for cache directory md-supplier (C:\Users\Lenovo\.gradle\caches\6.1.1\md-supplier)" [_thread_blocked, id=6516, stack(0x00000000213f0000,0x00000000214f0000)]
  0x000000001cfcf000 JavaThread "Cache worker for file hash cache (E:\Projects\AndroidStudioProjects\LibBlog\.gradle\6.1.1\fileHashes)" [_thread_blocked, id=15924, stack(0x00000000211e0000,0x00000000212e0000)]
  0x000000001cfca800 JavaThread "Cache worker for checksums cache (E:\Projects\AndroidStudioProjects\LibBlog\.gradle\checksums)" [_thread_blocked, id=9080, stack(0x00000000212f0000,0x00000000213f0000)]
  0x000000001cfc9800 JavaThread "Cache worker for file hash cache (C:\Users\Lenovo\.gradle\caches\6.1.1\fileHashes)" [_thread_blocked, id=26032, stack(0x000000001eca0000,0x000000001eda0000)]
  0x000000001cfcc000 JavaThread "File lock request listener" [_thread_in_native, id=24996, stack(0x000000001eba0000,0x000000001eca0000)]
  0x000000001d0d5000 JavaThread "Cache worker for journal cache (C:\Users\Lenovo\.gradle\caches\journal-1)" [_thread_blocked, id=16960, stack(0x000000001eaa0000,0x000000001eba0000)]
  0x000000001cdf5000 JavaThread "Thread-9" [_thread_blocked, id=17696, stack(0x000000001e7a0000,0x000000001e8a0000)]
  0x000000001cdf4800 JavaThread "Stdin handler" [_thread_blocked, id=20732, stack(0x000000001e6a0000,0x000000001e7a0000)]
  0x000000001ce93000 JavaThread "Asynchronous log dispatcher for DefaultDaemonConnection: socket connection from /127.0.0.1:63027 to /127.0.0.1:63028" [_thread_blocked, id=10148, stack(0x000000001e4a0000,0x000000001e5a0000)]
  0x000000001cdf6800 JavaThread "Daemon worker" [_thread_in_Java, id=6776, stack(0x000000001e3a0000,0x000000001e4a0000)]
  0x000000001cdf6000 JavaThread "Cancel handler" [_thread_blocked, id=24632, stack(0x000000001e2a0000,0x000000001e3a0000)]
  0x000000001ce13000 JavaThread "Handler for socket connection from /127.0.0.1:63027 to /127.0.0.1:63028" [_thread_in_native, id=17432, stack(0x000000001dfa0000,0x000000001e0a0000)]
  0x000000001ce0d800 JavaThread "Daemon" [_thread_blocked, id=25320, stack(0x000000001dea0000,0x000000001dfa0000)]
  0x000000001cdb2800 JavaThread "Daemon periodic checks" [_thread_blocked, id=9084, stack(0x000000001dda0000,0x000000001dea0000)]
  0x000000001cdb0800 JavaThread "Incoming local TCP Connector on port 63027" [_thread_in_native, id=8572, stack(0x000000001dbf0000,0x000000001dcf0000)]
  0x000000001ccb4800 JavaThread "Daemon health stats" [_thread_blocked, id=6448, stack(0x000000001dad0000,0x000000001dbd0000)]
  0x000000001a456000 JavaThread "Service Thread" daemon [_thread_blocked, id=12072, stack(0x000000001af30000,0x000000001b030000)]
  0x000000001a3ca000 JavaThread "C1 CompilerThread3" daemon [_thread_blocked, id=7004, stack(0x000000001ae30000,0x000000001af30000)]
  0x000000001a3c5000 JavaThread "C2 CompilerThread2" daemon [_thread_in_native, id=12616, stack(0x000000001ad30000,0x000000001ae30000)]
=>0x000000001a3c2000 JavaThread "C2 CompilerThread1" daemon [_thread_in_native, id=17516, stack(0x000000001ac30000,0x000000001ad30000)]
  0x000000001a3bf000 JavaThread "C2 CompilerThread0" daemon [_thread_in_native, id=3984, stack(0x000000001ab30000,0x000000001ac30000)]
  0x000000001a36b000 JavaThread "Attach Listener" daemon [_thread_blocked, id=3228, stack(0x000000001aa30000,0x000000001ab30000)]
  0x000000001a36a000 JavaThread "Signal Dispatcher" daemon [_thread_blocked, id=23808, stack(0x000000001a930000,0x000000001aa30000)]
  0x000000001a350800 JavaThread "Finalizer" daemon [_thread_blocked, id=11988, stack(0x000000001a830000,0x000000001a930000)]
  0x00000000034e8000 JavaThread "Reference Handler" daemon [_thread_blocked, id=8488, stack(0x000000001a730000,0x000000001a830000)]
  0x00000000033f2800 JavaThread "main" [_thread_blocked, id=28228, stack(0x0000000002ec0000,0x0000000002fc0000)]

Other Threads:
  0x0000000018556800 VMThread [stack: 0x000000001a230000,0x000000001a330000] [id=15708]
  0x000000001a456800 WatcherThread [stack: 0x000000001b030000,0x000000001b130000] [id=11436]

VM state:not at safepoint (normal execution)

VM Mutex/Monitor currently owned by a thread: None

heap address: 0x0000000080000000, size: 2048 MB, Compressed Oops mode: 32-bit
Narrow klass base: 0x0000000000000000, Narrow klass shift: 3
Compressed class space size: 1073741824 Address: 0x0000000100000000

Heap:
 PSYoungGen      total 119808K, used 18695K [0x00000000d5580000, 0x00000000e0a00000, 0x0000000100000000)
  eden space 109056K, 7% used [0x00000000d5580000,0x00000000d5d47808,0x00000000dc000000)
  from space 10752K, 99% used [0x00000000dcd00000,0x00000000dd77a5c8,0x00000000dd780000)
  to   space 13312K, 0% used [0x00000000dc000000,0x00000000dc000000,0x00000000dcd00000)
 ParOldGen       total 93184K, used 17574K [0x0000000080000000, 0x0000000085b00000, 0x00000000d5580000)
  object space 93184K, 18% used [0x0000000080000000,0x0000000081129a60,0x0000000085b00000)
 Metaspace       used 44371K, capacity 45866K, committed 46040K, reserved 1089536K
  class space    used 6012K, capacity 6391K, committed 6400K, reserved 1048576K

Card table byte_map: [0x00000000128b0000,0x0000000012cc0000] byte_map_base: 0x00000000124b0000

Marking Bits: (ParMarkBitMap*) 0x000000005d42f030
 Begin Bits: [0x0000000013770000, 0x0000000015770000)
 End Bits:   [0x0000000015770000, 0x0000000017770000)

Polling page: 0x0000000001700000

CodeCache: size=245760Kb used=11966Kb max_used=13486Kb free=233793Kb
 bounds [0x00000000034f0000, 0x0000000004230000, 0x00000000124f0000]
 total_blobs=4269 nmethods=3524 adapters=657
 compilation: enabled

Compilation events (10 events):
Event: 5.227 Thread 0x000000001a3ca000 3920       1       sun.security.provider.SHA2::lf_ch (10 bytes)
Event: 5.227 Thread 0x000000001a3ca000 nmethod 3920 0x0000000003a49d10 code [0x0000000003a49e60, 0x0000000003a49f50]
Event: 5.227 Thread 0x000000001a3ca000 3917       3       sun.security.provider.SHA2::lf_maj (12 bytes)
Event: 5.227 Thread 0x000000001a3ca000 nmethod 3917 0x0000000003bda6d0 code [0x0000000003bda820, 0x0000000003bda970]
Event: 5.227 Thread 0x000000001a3ca000 3910       3       java.math.MutableBigInteger::unsignedLongCompare (20 bytes)
Event: 5.227 Thread 0x000000001a3ca000 nmethod 3910 0x00000000036afad0 code [0x00000000036afc20, 0x00000000036afdf0]
Event: 5.227 Thread 0x000000001a3ca000 3918       3       sun.security.provider.SHA2::lf_delta0 (20 bytes)
Event: 5.227 Thread 0x000000001a3ca000 nmethod 3918 0x0000000003ab2790 code [0x0000000003ab2900, 0x0000000003ab2b70]
Event: 5.227 Thread 0x000000001a3ca000 3921       1       sun.security.provider.SHA2::lf_maj (12 bytes)
Event: 5.227 Thread 0x000000001a3ca000 nmethod 3921 0x0000000003f3b010 code [0x0000000003f3b160, 0x0000000003f3b250]

GC Heap History (10 events):
Event: 3.334 GC heap before
{Heap before GC invocations=6 (full 1):
 PSYoungGen      total 75776K, used 65024K [0x00000000d5580000, 0x00000000daa00000, 0x0000000100000000)
  eden space 65024K, 100% used [0x00000000d5580000,0x00000000d9500000,0x00000000d9500000)
  from space 10752K, 0% used [0x00000000d9f80000,0x00000000d9f80000,0x00000000daa00000)
  to   space 10752K, 0% used [0x00000000d9500000,0x00000000d9500000,0x00000000d9f80000)
 ParOldGen       total 93184K, used 7568K [0x0000000080000000, 0x0000000085b00000, 0x00000000d5580000)
  object space 93184K, 8% used [0x0000000080000000,0x0000000080764058,0x0000000085b00000)
 Metaspace       used 28158K, capacity 28826K, committed 29056K, reserved 1075200K
  class space    used 3889K, capacity 4097K, committed 4224K, reserved 1048576K
Event: 3.338 GC heap after
Heap after GC invocations=6 (full 1):
 PSYoungGen      total 75776K, used 7942K [0x00000000d5580000, 0x00000000dd980000, 0x0000000100000000)
  eden space 65024K, 0% used [0x00000000d5580000,0x00000000d5580000,0x00000000d9500000)
  from space 10752K, 73% used [0x00000000d9500000,0x00000000d9cc18f8,0x00000000d9f80000)
  to   space 12800K, 0% used [0x00000000dcd00000,0x00000000dcd00000,0x00000000dd980000)
 ParOldGen       total 93184K, used 7576K [0x0000000080000000, 0x0000000085b00000, 0x00000000d5580000)
  object space 93184K, 8% used [0x0000000080000000,0x0000000080766058,0x0000000085b00000)
 Metaspace       used 28158K, capacity 28826K, committed 29056K, reserved 1075200K
  class space    used 3889K, capacity 4097K, committed 4224K, reserved 1048576K
}
Event: 3.746 GC heap before
{Heap before GC invocations=7 (full 1):
 PSYoungGen      total 75776K, used 72966K [0x00000000d5580000, 0x00000000dd980000, 0x0000000100000000)
  eden space 65024K, 100% used [0x00000000d5580000,0x00000000d9500000,0x00000000d9500000)
  from space 10752K, 73% used [0x00000000d9500000,0x00000000d9cc18f8,0x00000000d9f80000)
  to   space 12800K, 0% used [0x00000000dcd00000,0x00000000dcd00000,0x00000000dd980000)
 ParOldGen       total 93184K, used 7576K [0x0000000080000000, 0x0000000085b00000, 0x00000000d5580000)
  object space 93184K, 8% used [0x0000000080000000,0x0000000080766058,0x0000000085b00000)
 Metaspace       used 32051K, capacity 32862K, committed 33152K, reserved 1077248K
  class space    used 4369K, capacity 4611K, committed 4736K, reserved 1048576K
Event: 3.752 GC heap after
Heap after GC invocations=7 (full 1):
 PSYoungGen      total 119296K, used 8366K [0x00000000d5580000, 0x00000000dd780000, 0x0000000100000000)
  eden space 108544K, 0% used [0x00000000d5580000,0x00000000d5580000,0x00000000dbf80000)
  from space 10752K, 77% used [0x00000000dcd00000,0x00000000dd52ba40,0x00000000dd780000)
  to   space 12288K, 0% used [0x00000000dbf80000,0x00000000dbf80000,0x00000000dcb80000)
 ParOldGen       total 93184K, used 7584K [0x0000000080000000, 0x0000000085b00000, 0x00000000d5580000)
  object space 93184K, 8% used [0x0000000080000000,0x0000000080768058,0x0000000085b00000)
 Metaspace       used 32051K, capacity 32862K, committed 33152K, reserved 1077248K
  class space    used 4369K, capacity 4611K, committed 4736K, reserved 1048576K
}
Event: 4.069 GC heap before
{Heap before GC invocations=8 (full 1):
 PSYoungGen      total 119296K, used 58867K [0x00000000d5580000, 0x00000000dd780000, 0x0000000100000000)
  eden space 108544K, 46% used [0x00000000d5580000,0x00000000d86d1398,0x00000000dbf80000)
  from space 10752K, 77% used [0x00000000dcd00000,0x00000000dd52ba40,0x00000000dd780000)
  to   space 12288K, 0% used [0x00000000dbf80000,0x00000000dbf80000,0x00000000dcb80000)
 ParOldGen       total 93184K, used 7584K [0x0000000080000000, 0x0000000085b00000, 0x00000000d5580000)
  object space 93184K, 8% used [0x0000000080000000,0x0000000080768058,0x0000000085b00000)
 Metaspace       used 34471K, capacity 35394K, committed 35416K, reserved 1079296K
  class space    used 4731K, capacity 4972K, committed 4992K, reserved 1048576K
Event: 4.075 GC heap after
Heap after GC invocations=8 (full 1):
 PSYoungGen      total 120832K, used 8837K [0x00000000d5580000, 0x00000000dd780000, 0x0000000100000000)
  eden space 108544K, 0% used [0x00000000d5580000,0x00000000d5580000,0x00000000dbf80000)
  from space 12288K, 71% used [0x00000000dbf80000,0x00000000dc8217c8,0x00000000dcb80000)
  to   space 10752K, 0% used [0x00000000dcd00000,0x00000000dcd00000,0x00000000dd780000)
 ParOldGen       total 93184K, used 7592K [0x0000000080000000, 0x0000000085b00000, 0x00000000d5580000)
  object space 93184K, 8% used [0x0000000080000000,0x000000008076a058,0x0000000085b00000)
 Metaspace       used 34471K, capacity 35394K, committed 35416K, reserved 1079296K
  class space    used 4731K, capacity 4972K, committed 4992K, reserved 1048576K
}
Event: 4.075 GC heap before
{Heap before GC invocations=9 (full 2):
 PSYoungGen      total 120832K, used 8837K [0x00000000d5580000, 0x00000000dd780000, 0x0000000100000000)
  eden space 108544K, 0% used [0x00000000d5580000,0x00000000d5580000,0x00000000dbf80000)
  from space 12288K, 71% used [0x00000000dbf80000,0x00000000dc8217c8,0x00000000dcb80000)
  to   space 10752K, 0% used [0x00000000dcd00000,0x00000000dcd00000,0x00000000dd780000)
 ParOldGen       total 93184K, used 7592K [0x0000000080000000, 0x0000000085b00000, 0x00000000d5580000)
  object space 93184K, 8% used [0x0000000080000000,0x000000008076a058,0x0000000085b00000)
 Metaspace       used 34471K, capacity 35394K, committed 35416K, reserved 1079296K
  class space    used 4731K, capacity 4972K, committed 4992K, reserved 1048576K
Event: 4.107 GC heap after
Heap after GC invocations=9 (full 2):
 PSYoungGen      total 120832K, used 0K [0x00000000d5580000, 0x00000000dd780000, 0x0000000100000000)
  eden space 108544K, 0% used [0x00000000d5580000,0x00000000d5580000,0x00000000dbf80000)
  from space 12288K, 0% used [0x00000000dbf80000,0x00000000dbf80000,0x00000000dcb80000)
  to   space 10752K, 0% used [0x00000000dcd00000,0x00000000dcd00000,0x00000000dd780000)
 ParOldGen       total 93184K, used 15680K [0x0000000080000000, 0x0000000085b00000, 0x00000000d5580000)
  object space 93184K, 16% used [0x0000000080000000,0x0000000080f501f0,0x0000000085b00000)
 Metaspace       used 34471K, capacity 35394K, committed 35416K, reserved 1079296K
  class space    used 4731K, capacity 4972K, committed 4992K, reserved 1048576K
}
Event: 5.167 GC heap before
{Heap before GC invocations=10 (full 2):
 PSYoungGen      total 120832K, used 108544K [0x00000000d5580000, 0x00000000dd780000, 0x0000000100000000)
  eden space 108544K, 100% used [0x00000000d5580000,0x00000000dbf80000,0x00000000dbf80000)
  from space 12288K, 0% used [0x00000000dbf80000,0x00000000dbf80000,0x00000000dcb80000)
  to   space 10752K, 0% used [0x00000000dcd00000,0x00000000dcd00000,0x00000000dd780000)
 ParOldGen       total 93184K, used 15680K [0x0000000080000000, 0x0000000085b00000, 0x00000000d5580000)
  object space 93184K, 16% used [0x0000000080000000,0x0000000080f501f0,0x0000000085b00000)
 Metaspace       used 43464K, capacity 44938K, committed 45272K, reserved 1087488K
  class space    used 5915K, capacity 6295K, committed 6400K, reserved 1048576K
Event: 5.175 GC heap after
Heap after GC invocations=10 (full 2):
 PSYoungGen      total 119808K, used 10729K [0x00000000d5580000, 0x00000000e0a00000, 0x0000000100000000)
  eden space 109056K, 0% used [0x00000000d5580000,0x00000000d5580000,0x00000000dc000000)
  from space 10752K, 99% used [0x00000000dcd00000,0x00000000dd77a5c8,0x00000000dd780000)
  to   space 13312K, 0% used [0x00000000dc000000,0x00000000dc000000,0x00000000dcd00000)
 ParOldGen       total 93184K, used 17574K [0x0000000080000000, 0x0000000085b00000, 0x00000000d5580000)
  object space 93184K, 18% used [0x0000000080000000,0x0000000081129a60,0x0000000085b00000)
 Metaspace       used 43464K, capacity 44938K, committed 45272K, reserved 1087488K
  class space    used 5915K, capacity 6295K, committed 6400K, reserved 1048576K
}

Deoptimization events (10 events):
Event: 4.969 Thread 0x000000001cdf6800 Uncommon trap: reason=unstable_if action=reinterpret pc=0x0000000003de8c9c method=org.objectweb.asm.ByteVector.putUTF8(Ljava/lang/String;)Lorg/objectweb/asm/ByteVector; @ 93
Event: 5.164 Thread 0x000000001cdf6800 Uncommon trap: reason=unstable_if action=reinterpret pc=0x0000000003f191e0 method=java.util.jar.JarFile.maybeInstantiateVerifier()V @ 75
Event: 5.165 Thread 0x000000001cdf6800 Uncommon trap: reason=unstable_if action=reinterpret pc=0x00000000037b5888 method=java.util.jar.Manifest$FastInputStream.readLine([BII)I @ 87
Event: 5.165 Thread 0x000000001cdf6800 Uncommon trap: reason=unstable_if action=reinterpret pc=0x0000000003a5620c method=java.util.jar.Attributes$Name.isDigit(C)Z @ 3
Event: 5.185 Thread 0x000000001cdf6800 Uncommon trap: reason=unstable_if action=reinterpret pc=0x00000000040172b4 method=java.lang.ThreadLocal.get()Ljava/lang/Object; @ 11
Event: 5.200 Thread 0x000000001cdf6800 Uncommon trap: reason=speculate_class_check action=maybe_recompile pc=0x0000000004212118 method=java.util.HashMap.putVal(ILjava/lang/Object;Ljava/lang/Object;ZZ)Ljava/lang/Object; @ 56
Event: 5.200 Thread 0x000000001cdf6800 Uncommon trap: reason=speculate_class_check action=maybe_recompile pc=0x0000000004212118 method=java.util.HashMap.putVal(ILjava/lang/Object;Ljava/lang/Object;ZZ)Ljava/lang/Object; @ 56
Event: 5.200 Thread 0x000000001cdf6800 Uncommon trap: reason=speculate_class_check action=maybe_recompile pc=0x0000000004212118 method=java.util.HashMap.putVal(ILjava/lang/Object;Ljava/lang/Object;ZZ)Ljava/lang/Object; @ 56
Event: 5.200 Thread 0x000000001cdf6800 Uncommon trap: reason=speculate_class_check action=maybe_recompile pc=0x0000000004212118 method=java.util.HashMap.putVal(ILjava/lang/Object;Ljava/lang/Object;ZZ)Ljava/lang/Object; @ 56
Event: 5.209 Thread 0x000000001cdf6800 Uncommon trap: reason=unstable_if action=reinterpret pc=0x0000000003a3263c method=java.lang.CharacterDataLatin1.isWhitespace(I)Z @ 14

Classes redefined (0 events):
No events

Internal exceptions (10 events):
Event: 4.600 Thread 0x000000001cdf5000 Exception <a 'java/lang/NoSuchMethodError': <clinit>> (0x00000000d6dd64f8) thrown at [C:\src\AOSP-openjdk-git\hotspot\src\share\vm\prims\jni.cpp, line 1615]
Event: 4.600 Thread 0x000000001cdf5000 Exception <a 'java/lang/NoSuchMethodError': <clinit>> (0x00000000d6dd7a20) thrown at [C:\src\AOSP-openjdk-git\hotspot\src\share\vm\prims\jni.cpp, line 1615]
Event: 4.601 Thread 0x000000001cdf5000 Exception <a 'java/lang/NoSuchMethodError': <clinit>> (0x00000000d6de1c90) thrown at [C:\src\AOSP-openjdk-git\hotspot\src\share\vm\prims\jni.cpp, line 1615]
Event: 4.601 Thread 0x000000001cdf5000 Exception <a 'java/lang/NoSuchMethodError': <clinit>> (0x00000000d6decbb0) thrown at [C:\src\AOSP-openjdk-git\hotspot\src\share\vm\prims\jni.cpp, line 1615]
Event: 4.603 Thread 0x000000001cdf5000 Exception <a 'java/lang/NoSuchMethodError': <clinit>> (0x00000000d6dfffb8) thrown at [C:\src\AOSP-openjdk-git\hotspot\src\share\vm\prims\jni.cpp, line 1615]
Event: 4.617 Thread 0x000000001cdf6800 Exception <a 'java/lang/ClassNotFoundException': build_6tze2d4crncwmziw7a0g141dtBeanInfo> (0x00000000d834f1f8) thrown at [C:\src\AOSP-openjdk-git\hotspot\src\share\vm\classfile\systemDictionary.cpp, line 210]
Event: 4.618 Thread 0x000000001cdf6800 Exception <a 'java/lang/ClassNotFoundException': build_6tze2d4crncwmziw7a0g141dtCustomizer> (0x00000000d835c3b0) thrown at [C:\src\AOSP-openjdk-git\hotspot\src\share\vm\classfile\systemDictionary.cpp, line 210]
Event: 4.626 Thread 0x000000001cdf6800 Exception <a 'java/lang/ClassNotFoundException': org/gradle/api/internal/plugins/DefaultObjectConfigurationActionBeanInfo> (0x00000000d83d7038) thrown at [C:\src\AOSP-openjdk-git\hotspot\src\share\vm\classfile\systemDictionary.cpp, line 210]
Event: 4.627 Thread 0x000000001cdf6800 Exception <a 'java/lang/ClassNotFoundException': org/gradle/api/internal/plugins/DefaultObjectConfigurationActionCustomizer> (0x00000000d841c208) thrown at [C:\src\AOSP-openjdk-git\hotspot\src\share\vm\classfile\systemDictionary.cpp, line 210]
Event: 5.185 Thread 0x000000001cdf6800 Implicit null exception at 0x0000000004016d68 to 0x000000000401729d

Events (10 events):
Event: 5.218 loading class java/security/spec/AlgorithmParameterSpec done
Event: 5.218 loading class java/security/spec/DSAParameterSpec done
Event: 5.218 loading class java/security/interfaces/DSAPrivateKey
Event: 5.218 loading class java/security/interfaces/DSAPrivateKey done
Event: 5.218 loading class sun/security/provider/DSA$SHA1withDSA
Event: 5.218 loading class sun/security/provider/DSA
Event: 5.218 loading class sun/security/provider/DSA done
Event: 5.218 loading class sun/security/provider/DSA$SHA1withDSA done
Event: 5.219 loading class java/math/SignedMutableBigInteger
Event: 5.219 loading class java/math/SignedMutableBigInteger done


Dynamic libraries:
0x00007ff7f89b0000 - 0x00007ff7f89e1000 	C:\Program Files\Android\Android Studio\jre\bin\java.exe
0x00007fff0a760000 - 0x00007fff0a950000 	C:\Windows\SYSTEM32\ntdll.dll
0x00007fff09860000 - 0x00007fff09912000 	C:\Windows\System32\KERNEL32.DLL
0x00007fff077c0000 - 0x00007fff07a65000 	C:\Windows\System32\KERNELBASE.dll
0x00007fff08d70000 - 0x00007fff08e13000 	C:\Windows\System32\ADVAPI32.dll
0x00007fff095e0000 - 0x00007fff0967e000 	C:\Windows\System32\msvcrt.dll
0x00007fff08c40000 - 0x00007fff08cd7000 	C:\Windows\System32\sechost.dll
0x00007fff0a2f0000 - 0x00007fff0a40f000 	C:\Windows\System32\RPCRT4.dll
0x00007fff089d0000 - 0x00007fff08b64000 	C:\Windows\System32\USER32.dll
0x00007fff07f60000 - 0x00007fff07f81000 	C:\Windows\System32\win32u.dll
0x00007fff0a2c0000 - 0x00007fff0a2e6000 	C:\Windows\System32\GDI32.dll
0x00007fff07cc0000 - 0x00007fff07e58000 	C:\Windows\System32\gdi32full.dll
0x00007fff07e60000 - 0x00007fff07efe000 	C:\Windows\System32\msvcp_win.dll
0x00007fff08710000 - 0x00007fff0880a000 	C:\Windows\System32\ucrtbase.dll
0x00007fff06af0000 - 0x00007fff06d74000 	C:\Windows\WinSxS\amd64_microsoft.windows.common-controls_6595b64144ccf1df_6.0.18362.1379_none_9e7ff3b3e45cc0c4\COMCTL32.dll
0x00007fff099a0000 - 0x00007fff09cd7000 	C:\Windows\System32\combase.dll
0x00007fff07700000 - 0x00007fff07781000 	C:\Windows\System32\bcryptPrimitives.dll
0x00007fff08ce0000 - 0x00007fff08d0e000 	C:\Windows\System32\IMM32.DLL
0x000000005caa0000 - 0x000000005cb72000 	C:\Program Files\Android\Android Studio\jre\jre\bin\msvcr100.dll
0x000000005cc60000 - 0x000000005d4ab000 	C:\Program Files\Android\Android Studio\jre\jre\bin\server\jvm.dll
0x00007fff0a2b0000 - 0x00007fff0a2b8000 	C:\Windows\System32\PSAPI.DLL
0x00007fff002e0000 - 0x00007fff002e9000 	C:\Windows\SYSTEM32\WSOCK32.dll
0x00007fff096e0000 - 0x00007fff0974f000 	C:\Windows\System32\WS2_32.dll
0x00007fff05840000 - 0x00007fff05864000 	C:\Windows\SYSTEM32\WINMM.dll
0x00007fff05750000 - 0x00007fff0575a000 	C:\Windows\SYSTEM32\VERSION.dll
0x00007fff057f0000 - 0x00007fff0581d000 	C:\Windows\SYSTEM32\winmmbase.dll
0x00007fff07a70000 - 0x00007fff07aba000 	C:\Windows\System32\cfgmgr32.dll
0x00007fff001e0000 - 0x00007fff001ef000 	C:\Program Files\Android\Android Studio\jre\jre\bin\verify.dll
0x00007ffefcb90000 - 0x00007ffefcbb9000 	C:\Program Files\Android\Android Studio\jre\jre\bin\java.dll
0x00007ffeff4a0000 - 0x00007ffeff4b6000 	C:\Program Files\Android\Android Studio\jre\jre\bin\zip.dll
0x00007fff08e20000 - 0x00007fff09508000 	C:\Windows\System32\SHELL32.dll
0x00007fff09cf0000 - 0x00007fff09d97000 	C:\Windows\System32\shcore.dll
0x00007fff07f90000 - 0x00007fff0870b000 	C:\Windows\System32\windows.storage.dll
0x00007fff076b0000 - 0x00007fff076d3000 	C:\Windows\System32\profapi.dll
0x00007fff07640000 - 0x00007fff0768a000 	C:\Windows\System32\powrprof.dll
0x00007fff07610000 - 0x00007fff07620000 	C:\Windows\System32\UMPDC.dll
0x00007fff09800000 - 0x00007fff09852000 	C:\Windows\System32\shlwapi.dll
0x00007fff07690000 - 0x00007fff076a1000 	C:\Windows\System32\kernel.appcore.dll
0x00007fff076e0000 - 0x00007fff076f7000 	C:\Windows\System32\cryptsp.dll
0x00007ffefce60000 - 0x00007ffefce7a000 	C:\Program Files\Android\Android Studio\jre\jre\bin\net.dll
0x00007fff06910000 - 0x00007fff06977000 	C:\Windows\system32\mswsock.dll
0x00007ffef2a00000 - 0x00007ffef2a13000 	C:\Program Files\Android\Android Studio\jre\jre\bin\nio.dll
0x00007ffeef8e0000 - 0x00007ffeef906000 	C:\Users\Lenovo\.gradle\native\31\windows-amd64\native-platform.dll
0x00007ffefb1b0000 - 0x00007ffefb1bd000 	C:\Program Files\Android\Android Studio\jre\jre\bin\management.dll
0x00007fff06350000 - 0x00007fff06383000 	C:\Windows\system32\rsaenh.dll
0x00007fff07790000 - 0x00007fff077b6000 	C:\Windows\System32\bcrypt.dll
0x00007fff074f0000 - 0x00007fff07515000 	C:\Windows\SYSTEM32\USERENV.dll
0x00007fff06a10000 - 0x00007fff06a1c000 	C:\Windows\SYSTEM32\CRYPTBASE.dll
0x00007fff064e0000 - 0x00007fff0651a000 	C:\Windows\SYSTEM32\IPHLPAPI.DLL
0x00007fff08880000 - 0x00007fff08888000 	C:\Windows\System32\NSI.dll
0x00007ffefc2f0000 - 0x00007ffefc306000 	C:\Windows\SYSTEM32\dhcpcsvc6.DLL
0x00007ffefc220000 - 0x00007ffefc23c000 	C:\Windows\SYSTEM32\dhcpcsvc.DLL
0x00007fff06570000 - 0x00007fff0663b000 	C:\Windows\SYSTEM32\DNSAPI.dll

VM Arguments:
jvm_args: -Xmx2048m -Dfile.encoding=GBK -Duser.country=CN -Duser.language=zh -Duser.variant 
java_command: org.gradle.launcher.daemon.bootstrap.GradleDaemon 6.1.1
java_class_path (initial): C:\Users\Lenovo\.gradle\wrapper\dists\gradle-6.1.1-all\cfmwm155h49vnt3hynmlrsdst\gradle-6.1.1\lib\gradle-launcher-6.1.1.jar
Launcher Type: SUN_STANDARD

Environment Variables:
JAVA_HOME=C:\Program Files\Java\jdk1.8.0_251
CLASSPATH=.;C:\Program Files\Java\jdk1.8.0_251\bin;C:\Program Files\Java\jdk1.8.0_251\lib\dt.jar;C:\Program Files\Java\jdk1.8.0_251\lib\tools.jar
PATH=C:\Program Files (x86)\Common Files\Intel\Shared Libraries\redist\intel64_win\compiler;C:\Program Files (x86)\Common Files\Oracle\Java\javapath;C:\Windows\system32;C:\Program Files\Java\jdk1.8.0_251;C:\Program Files\nodejs;C:\Program Files\NVIDIA Corporation\NVIDIA NvDLISR;C:\Program Files (x86)\NVIDIA Corporation\PhysX\Common;C:\Windows\System32\OpenSSH\;C:\Windows\System32\WindowsPowerShell\v1.0\;C:\Windows\System32\Wbem;C:\Windows;D:\Program\Maven\apache-maven-3.6.3\bin;D:\Gradle\gradle-6.5\bin;C:\Program Files\Java\jre1.8.0_251\bin;C:\Program Files\MySQL\MySQL Server 8.0\bin;D:\Program\Matlab\bin;C:\Users\Lenovo\AppData\Local\Programs\Python\Python38-32\Scripts;C:\Program Files\python;C:\Program Files\python\Scripts;D:\Program\BtSoft\panel\script;C:\Program Files\python;C:\Program Files\python\Scripts;D:\Program\BtSoft\panel\script;C:\Program Files\python;C:\Program Files\python\Scripts;D:\Program\BtSoft\panel\script;D:\Program\httpd_2.4.46\Apache24\bin;D:\Program\php;D:\Program\php\ext;D:\Program\Go\bin;D:\Program\ffmpeg\bin;C:\Program Files\Wolfram Research\WolframScript\;C:\Users\Lenovo\AppData\Local\Android\Sdk\platform-tools;C:\Program Files\MySQL\MySQL Shell 8.0\bin\;C:\Users\Lenovo\AppData\Local\Microsoft\WindowsApps;C:\Users\Lenovo\AppData\Roaming\npm;C:\Program Files\JetBrains\PyCharm 2020.1.2\bin;C:\Users\Lenovo\AppData\Local\Programs\Microsoft VS Code\bin;C:\Users\Lenovo\AppData\Local\GitHubDesktop\bin;C:\Program Files\Java\jdk1.8.0_251\bin;D:\Dart\dart-sdk\bin;D:\flutter\bin;D:\Program\Git\bin;D:\Program\Git\mingw32\libexec\git-core;D:\Program\Git\mingw32\bin;D:\Program\Git\cmd;C:\Program Files\JetBrains\IntelliJ IDEA 2020.1.2\bin;C:\Program Files\JetBrains\WebStorm 2020.1.2\bin;C:\Program Files\JetBrains\PhpStorm 2020.1.2\bin;C:\Users\Lenovo\go\bin
USERNAME=Lenovo
OS=Windows_NT
PROCESSOR_IDENTIFIER=Intel64 Family 6 Model 126 Stepping 5, GenuineIntel



---------------  S Y S T E M  ---------------

OS: Windows 10.0 , 64 bit Build 18362 (10.0.18362.1350)

CPU:total 8 (initial active 8) (4 cores per cpu, 2 threads per core) family 6 model 126 stepping 5, cmov, cx8, fxsr, mmx, sse, sse2, sse3, ssse3, sse4.1, sse4.2, popcnt, avx, avx2, aes, clmul, erms, 3dnowpref, lzcnt, ht, tsc, tscinvbit, bmi1, bmi2, adx

Memory: 4k page, physical 16547832k(789164k free), swap 24936440k(5120k free)

vm_info: OpenJDK 64-Bit Server VM (25.242-b01) for windows-amd64 JRE (1.8.0_242-release-1644-b01), built by "builder" with MS VC++ 10.0 (VS2010)

time: Fri Mar 05 14:48:01 2021
timezone: 中国标准时间
elapsed time: 5 seconds (0d 0h 0m 5s)

