#
# There is insufficient memory for the Java Runtime Environment to continue.
# Native memory allocation (malloc) failed to allocate 32744 bytes for ChunkPool::allocate
# Possible reasons:
#   The system is out of physical RAM or swap space
#   The process is running with CompressedOops enabled, and the Java Heap may be blocking the growth of the native heap
# Possible solutions:
#   Reduce memory load on the system
#   Increase physical memory or swap space
#   Check if swap backing store is full
#   Decrease Java heap size (-Xmx/-Xms)
#   Decrease number of Java threads
#   Decrease Java thread stack sizes (-Xss)
#   Set larger code cache with -XX:ReservedCodeCacheSize=
#   JVM is running with Unscaled Compressed Oops mode in which the Java heap is
#     placed in the first 4GB address space. The Java Heap base address is the
#     maximum limit for the native heap growth. Please use -XX:HeapBaseMinAddress
#     to set the Java Heap base and to place the Java Heap above 4GB virtual address.
# This output file may be truncated or incomplete.
#
#  Out of Memory Error (allocation.cpp:272), pid=21756, tid=0x000000000000431c
#
# JRE version: OpenJDK Runtime Environment (8.0_242-b01) (build 1.8.0_242-release-1644-b01)
# Java VM: OpenJDK 64-Bit Server VM (25.242-b01 mixed mode windows-amd64 compressed oops)
# Failed to write core dump. Minidumps are not enabled by default on client versions of Windows
#

---------------  T H R E A D  ---------------

Current thread (0x0000000019625000):  JavaThread "C2 CompilerThread2" daemon [_thread_in_native, id=17180, stack(0x000000001a000000,0x000000001a100000)]

Stack: [0x000000001a000000,0x000000001a100000]
[error occurred during error reporting (printing stack bounds), id 0xc0000005]

Native frames: (J=compiled Java code, j=interpreted, Vv=VM code, C=native code)


Current CompileTask:
C2:   2668 1551   !   4       java.net.URLClassLoader$1::run (63 bytes)


---------------  P R O C E S S  ---------------

Java Threads: ( => current thread )
  0x000000001c1f4800 JavaThread "Cache worker for file hash cache (E:\Projects\AndroidStudioProjects\LibBlog\.gradle\6.1.1\fileHashes)" [_thread_blocked, id=1648, stack(0x00000000206b0000,0x00000000207b0000)]
  0x000000001c1f3800 JavaThread "Cache worker for checksums cache (E:\Projects\AndroidStudioProjects\LibBlog\.gradle\checksums)" [_thread_blocked, id=10924, stack(0x00000000205b0000,0x00000000206b0000)]
  0x000000001c1f5000 JavaThread "Cache worker for file hash cache (C:\Users\Lenovo\.gradle\caches\6.1.1\fileHashes)" [_thread_blocked, id=20400, stack(0x000000001df70000,0x000000001e070000)]
  0x000000001c1f3000 JavaThread "File lock request listener" [_thread_in_native, id=16824, stack(0x000000001de70000,0x000000001df70000)]
  0x000000001c1a6800 JavaThread "Cache worker for journal cache (C:\Users\Lenovo\.gradle\caches\journal-1)" [_thread_blocked, id=17200, stack(0x000000001dd70000,0x000000001de70000)]
  0x000000001c08c000 JavaThread "Thread-9" [_thread_blocked, id=656, stack(0x000000001da70000,0x000000001db70000)]
  0x000000001c105800 JavaThread "Stdin handler" [_thread_blocked, id=22728, stack(0x000000001d970000,0x000000001da70000)]
  0x000000001c102800 JavaThread "Asynchronous log dispatcher for DefaultDaemonConnection: socket connection from /127.0.0.1:63052 to /127.0.0.1:63053" [_thread_blocked, id=1312, stack(0x000000001d770000,0x000000001d870000)]
  0x000000001c0ff800 JavaThread "Daemon worker" [_thread_in_native, id=16000, stack(0x000000001d670000,0x000000001d770000)]
  0x000000001c0ab800 JavaThread "Cancel handler" [_thread_blocked, id=29384, stack(0x000000001d570000,0x000000001d670000)]
  0x000000001c087000 JavaThread "Handler for socket connection from /127.0.0.1:63052 to /127.0.0.1:63053" [_thread_in_native, id=12508, stack(0x000000001d270000,0x000000001d370000)]
  0x000000001c089000 JavaThread "Daemon" [_thread_blocked, id=21156, stack(0x000000001d170000,0x000000001d270000)]
  0x000000001c0b5000 JavaThread "Daemon periodic checks" [_thread_blocked, id=28060, stack(0x000000001d070000,0x000000001d170000)]
  0x000000001c05e800 JavaThread "Incoming local TCP Connector on port 63052" [_thread_in_native, id=1800, stack(0x000000001cec0000,0x000000001cfc0000)]
  0x000000001bfeb000 JavaThread "Daemon health stats" [_thread_blocked, id=17476, stack(0x000000001cda0000,0x000000001cea0000)]
  0x00000000196c2000 JavaThread "Service Thread" daemon [_thread_blocked, id=5428, stack(0x000000001a200000,0x000000001a300000)]
  0x000000001962d800 JavaThread "C1 CompilerThread3" daemon [_thread_blocked, id=14000, stack(0x000000001a100000,0x000000001a200000)]
=>0x0000000019625000 JavaThread "C2 CompilerThread2" daemon [_thread_in_native, id=17180, stack(0x000000001a000000,0x000000001a100000)]
  0x0000000019622000 JavaThread "C2 CompilerThread1" daemon [_thread_in_native, id=13316, stack(0x0000000019f00000,0x000000001a000000)]
  0x000000001961f000 JavaThread "C2 CompilerThread0" daemon [_thread_blocked, id=27816, stack(0x0000000019e00000,0x0000000019f00000)]
  0x00000000195cb800 JavaThread "Attach Listener" daemon [_thread_blocked, id=14452, stack(0x0000000019d00000,0x0000000019e00000)]
  0x00000000195ca000 JavaThread "Signal Dispatcher" daemon [_thread_blocked, id=24828, stack(0x0000000019c00000,0x0000000019d00000)]
  0x00000000195b0800 JavaThread "Finalizer" daemon [_thread_blocked, id=28192, stack(0x0000000019a90000,0x0000000019b90000)]
  0x00000000026e8000 JavaThread "Reference Handler" daemon [_thread_blocked, id=26836, stack(0x0000000019990000,0x0000000019a90000)]
  0x00000000025f2800 JavaThread "main" [_thread_blocked, id=10584, stack(0x0000000002170000,0x0000000002270000)]

Other Threads:
  0x0000000017786800 VMThread [stack: 0x0000000019490000,0x0000000019590000] [id=24748]
  0x00000000196c2800 WatcherThread [stack: 0x000000001a300000,0x000000001a400000] [id=8912]

VM state:not at safepoint (normal execution)

VM Mutex/Monitor currently owned by a thread: None

heap address: 0x0000000080000000, size: 2048 MB, Compressed Oops mode: 32-bit
Narrow klass base: 0x0000000000000000, Narrow klass shift: 3
Compressed class space size: 1073741824 Address: 0x0000000100000000

Heap:
 PSYoungGen      total 75776K, used 55899K [0x00000000d5580000, 0x00000000daa00000, 0x0000000100000000)
  eden space 65024K, 71% used [0x00000000d5580000,0x00000000d82ff7e0,0x00000000d9500000)
  from space 10752K, 86% used [0x00000000d9f80000,0x00000000da8975b8,0x00000000daa00000)
  to   space 10752K, 0% used [0x00000000d9500000,0x00000000d9500000,0x00000000d9f80000)
 ParOldGen       total 173568K, used 24K [0x0000000080000000, 0x000000008a980000, 0x00000000d5580000)
  object space 173568K, 0% used [0x0000000080000000,0x0000000080006000,0x000000008a980000)
 Metaspace       used 18582K, capacity 19218K, committed 19456K, reserved 1067008K
  class space    used 2558K, capacity 2771K, committed 2816K, reserved 1048576K

Card table byte_map: [0x0000000011ab0000,0x0000000011ec0000] byte_map_base: 0x00000000116b0000

Marking Bits: (ParMarkBitMap*) 0x000000005d42f030
 Begin Bits: [0x0000000012970000, 0x0000000014970000)
 End Bits:   [0x0000000014970000, 0x0000000016970000)

Polling page: 0x0000000002270000

CodeCache: size=245760Kb used=5745Kb max_used=5745Kb free=240014Kb
 bounds [0x00000000026f0000, 0x0000000002ca0000, 0x00000000116f0000]
 total_blobs=2097 nmethods=1683 adapters=327
 compilation: enabled

Compilation events (10 events):
Event: 2.644 Thread 0x000000001962d800 1684       3       org.gradle.internal.service.DefaultServiceRegistry::isSatisfiedBy (44 bytes)
Event: 2.644 Thread 0x000000001962d800 nmethod 1684 0x0000000002c8d250 code [0x0000000002c8d400, 0x0000000002c8db48]
Event: 2.650 Thread 0x000000001962d800 1685       3       java.util.regex.Pattern$Branch::match (66 bytes)
Event: 2.651 Thread 0x000000001962d800 nmethod 1685 0x0000000002c8c9d0 code [0x0000000002c8cb60, 0x0000000002c8d038]
Event: 2.654 Thread 0x000000001962d800 1686       3       org.gradle.internal.service.DefaultServiceRegistry::access$1300 (4 bytes)
Event: 2.654 Thread 0x000000001962d800 nmethod 1686 0x0000000002c8c6d0 code [0x0000000002c8c820, 0x0000000002c8c950]
Event: 2.654 Thread 0x000000001962d800 1687       3       jdk.internal.org.objectweb.asm.Frame::<init> (5 bytes)
Event: 2.655 Thread 0x000000001962d800 nmethod 1687 0x0000000002c8c310 code [0x0000000002c8c460, 0x0000000002c8c610]
Event: 2.655 Thread 0x000000001962d800 1688       3       java.lang.invoke.LambdaForm$NamedFunction::intrinsicName (21 bytes)
Event: 2.655 Thread 0x000000001962d800 nmethod 1688 0x0000000002c8be90 code [0x0000000002c8c000, 0x0000000002c8c268]

GC Heap History (4 events):
Event: 0.902 GC heap before
{Heap before GC invocations=1 (full 0):
 PSYoungGen      total 75776K, used 65024K [0x00000000d5580000, 0x00000000daa00000, 0x0000000100000000)
  eden space 65024K, 100% used [0x00000000d5580000,0x00000000d9500000,0x00000000d9500000)
  from space 10752K, 0% used [0x00000000d9f80000,0x00000000d9f80000,0x00000000daa00000)
  to   space 10752K, 0% used [0x00000000d9500000,0x00000000d9500000,0x00000000d9f80000)
 ParOldGen       total 173568K, used 0K [0x0000000080000000, 0x000000008a980000, 0x00000000d5580000)
  object space 173568K, 0% used [0x0000000080000000,0x0000000080000000,0x000000008a980000)
 Metaspace       used 7769K, capacity 8026K, committed 8320K, reserved 1056768K
  class space    used 943K, capacity 1034K, committed 1152K, reserved 1048576K
Event: 0.907 GC heap after
Heap after GC invocations=1 (full 0):
 PSYoungGen      total 75776K, used 5985K [0x00000000d5580000, 0x00000000daa00000, 0x0000000100000000)
  eden space 65024K, 0% used [0x00000000d5580000,0x00000000d5580000,0x00000000d9500000)
  from space 10752K, 55% used [0x00000000d9500000,0x00000000d9ad87a8,0x00000000d9f80000)
  to   space 10752K, 0% used [0x00000000d9f80000,0x00000000d9f80000,0x00000000daa00000)
 ParOldGen       total 173568K, used 16K [0x0000000080000000, 0x000000008a980000, 0x00000000d5580000)
  object space 173568K, 0% used [0x0000000080000000,0x0000000080004000,0x000000008a980000)
 Metaspace       used 7769K, capacity 8026K, committed 8320K, reserved 1056768K
  class space    used 943K, capacity 1034K, committed 1152K, reserved 1048576K
}
Event: 2.329 GC heap before
{Heap before GC invocations=2 (full 0):
 PSYoungGen      total 75776K, used 71009K [0x00000000d5580000, 0x00000000daa00000, 0x0000000100000000)
  eden space 65024K, 100% used [0x00000000d5580000,0x00000000d9500000,0x00000000d9500000)
  from space 10752K, 55% used [0x00000000d9500000,0x00000000d9ad87a8,0x00000000d9f80000)
  to   space 10752K, 0% used [0x00000000d9f80000,0x00000000d9f80000,0x00000000daa00000)
 ParOldGen       total 173568K, used 16K [0x0000000080000000, 0x000000008a980000, 0x00000000d5580000)
  object space 173568K, 0% used [0x0000000080000000,0x0000000080004000,0x000000008a980000)
 Metaspace       used 14265K, capacity 14738K, committed 14976K, reserved 1062912K
  class space    used 1944K, capacity 2093K, committed 2176K, reserved 1048576K
Event: 2.334 GC heap after
Heap after GC invocations=2 (full 0):
 PSYoungGen      total 75776K, used 9309K [0x00000000d5580000, 0x00000000daa00000, 0x0000000100000000)
  eden space 65024K, 0% used [0x00000000d5580000,0x00000000d5580000,0x00000000d9500000)
  from space 10752K, 86% used [0x00000000d9f80000,0x00000000da8975b8,0x00000000daa00000)
  to   space 10752K, 0% used [0x00000000d9500000,0x00000000d9500000,0x00000000d9f80000)
 ParOldGen       total 173568K, used 24K [0x0000000080000000, 0x000000008a980000, 0x00000000d5580000)
  object space 173568K, 0% used [0x0000000080000000,0x0000000080006000,0x000000008a980000)
 Metaspace       used 14265K, capacity 14738K, committed 14976K, reserved 1062912K
  class space    used 1944K, capacity 2093K, committed 2176K, reserved 1048576K
}

Deoptimization events (10 events):
Event: 2.124 Thread 0x000000001c087000 Uncommon trap: reason=unstable_if action=reinterpret pc=0x0000000002b00ea8 method=java.util.concurrent.ConcurrentHashMap.putVal(Ljava/lang/Object;Ljava/lang/Object;Z)Ljava/lang/Object; @ 206
Event: 2.136 Thread 0x000000001c087000 Uncommon trap: reason=unstable_if action=reinterpret pc=0x0000000002a22b94 method=java.lang.String.substring(I)Ljava/lang/String; @ 35
Event: 2.164 Thread 0x000000001c0ff800 Uncommon trap: reason=bimorphic action=maybe_recompile pc=0x0000000002991e84 method=java.util.HashMap.putVal(ILjava/lang/Object;Ljava/lang/Object;ZZ)Ljava/lang/Object; @ 253
Event: 2.164 Thread 0x000000001c0ff800 Uncommon trap: reason=bimorphic action=maybe_recompile pc=0x0000000002991e84 method=java.util.HashMap.putVal(ILjava/lang/Object;Ljava/lang/Object;ZZ)Ljava/lang/Object; @ 253
Event: 2.164 Thread 0x000000001c0ff800 Uncommon trap: reason=bimorphic action=maybe_recompile pc=0x0000000002991e84 method=java.util.HashMap.putVal(ILjava/lang/Object;Ljava/lang/Object;ZZ)Ljava/lang/Object; @ 253
Event: 2.294 Thread 0x000000001c0ff800 Uncommon trap: reason=class_check action=maybe_recompile pc=0x0000000002a28a58 method=java.util.regex.Matcher.match(II)Z @ 86
Event: 2.295 Thread 0x000000001c0ff800 Uncommon trap: reason=class_check action=maybe_recompile pc=0x0000000002a28a58 method=java.util.regex.Matcher.match(II)Z @ 86
Event: 2.295 Thread 0x000000001c0ff800 Uncommon trap: reason=class_check action=maybe_recompile pc=0x0000000002a28a58 method=java.util.regex.Matcher.match(II)Z @ 86
Event: 2.295 Thread 0x000000001c0ff800 Uncommon trap: reason=class_check action=maybe_recompile pc=0x00000000028a959c method=java.util.regex.Matcher.match(II)Z @ 86
Event: 2.454 Thread 0x000000001c0ff800 Uncommon trap: reason=unstable_if action=reinterpret pc=0x0000000002a2441c method=java.io.File.getName()Ljava/lang/String; @ 16

Classes redefined (0 events):
No events

Internal exceptions (10 events):
Event: 2.133 Thread 0x000000001c087000 Exception <a 'java/lang/NoSuchMethodError': <clinit>> (0x00000000d7903358) thrown at [C:\src\AOSP-openjdk-git\hotspot\src\share\vm\prims\jni.cpp, line 1615]
Event: 2.133 Thread 0x000000001c087000 Exception <a 'java/lang/NoSuchMethodError': <clinit>> (0x00000000d790bef8) thrown at [C:\src\AOSP-openjdk-git\hotspot\src\share\vm\prims\jni.cpp, line 1615]
Event: 2.134 Thread 0x000000001c087000 Exception <a 'java/lang/NoSuchMethodError': <clinit>> (0x00000000d79222f0) thrown at [C:\src\AOSP-openjdk-git\hotspot\src\share\vm\prims\jni.cpp, line 1615]
Event: 2.141 Thread 0x000000001c087000 Exception <a 'java/lang/NoSuchMethodError': <clinit>> (0x00000000d797cad0) thrown at [C:\src\AOSP-openjdk-git\hotspot\src\share\vm\prims\jni.cpp, line 1615]
Event: 2.143 Thread 0x000000001c087000 Exception <a 'java/lang/NoSuchMethodError': <clinit>> (0x00000000d79a9450) thrown at [C:\src\AOSP-openjdk-git\hotspot\src\share\vm\prims\jni.cpp, line 1615]
Event: 2.146 Thread 0x000000001c087000 Exception <a 'java/lang/NoSuchMethodError': <clinit>> (0x00000000d79d6728) thrown at [C:\src\AOSP-openjdk-git\hotspot\src\share\vm\prims\jni.cpp, line 1615]
Event: 2.146 Thread 0x000000001c087000 Exception <a 'java/lang/NoSuchMethodError': <clinit>> (0x00000000d79e17b0) thrown at [C:\src\AOSP-openjdk-git\hotspot\src\share\vm\prims\jni.cpp, line 1615]
Event: 2.482 Thread 0x000000001c0ff800 Exception <a 'java/lang/NoSuchMethodError': java.lang.Object.lambda$and$0(Ljava/util/function/Predicate;Ljava/lang/Object;)Z> (0x00000000d6e041c8) thrown at [C:\src\AOSP-openjdk-git\hotspot\src\share\vm\interpreter\linkResolver.cpp, line 620]
Event: 2.485 Thread 0x000000001c0ff800 Exception <a 'java/lang/IncompatibleClassChangeError': Found class java.lang.Object, but interface was expected> (0x00000000d6e149b8) thrown at [C:\src\AOSP-openjdk-git\hotspot\src\share\vm\interpreter\linkResolver.cpp, line 653]
Event: 2.486 Thread 0x000000001c0ff800 Exception <a 'java/lang/NoSuchMethodError': java.lang.Object.lambda$or$2(Ljava/util/function/Predicate;Ljava/lang/Object;)Z> (0x00000000d6e198d8) thrown at [C:\src\AOSP-openjdk-git\hotspot\src\share\vm\interpreter\linkResolver.cpp, line 620]

Events (10 events):
Event: 2.655 loading class org/gradle/internal/model/ModelContainer
Event: 2.655 loading class org/gradle/internal/model/ModelContainer done
Event: 2.655 loading class org/gradle/api/internal/project/ProjectStateRegistry$SafeExclusiveLock
Event: 2.655 loading class org/gradle/api/internal/project/ProjectStateRegistry$SafeExclusiveLock done
Event: 2.656 loading class org/gradle/internal/build/DefaultPublicBuildPath
Event: 2.656 loading class org/gradle/internal/build/DefaultPublicBuildPath done
Event: 2.656 loading class org/gradle/util/Path
Event: 2.656 loading class org/gradle/util/Path done
Event: 2.667 loading class org/gradle/util/GUtil$1
Event: 2.667 loading class org/gradle/util/GUtil$1 done


Dynamic libraries:
0x00007ff7f89b0000 - 0x00007ff7f89e1000 	C:\Program Files\Android\Android Studio\jre\bin\java.exe
0x00007fff0a760000 - 0x00007fff0a950000 	C:\Windows\SYSTEM32\ntdll.dll
0x00007fff09860000 - 0x00007fff09912000 	C:\Windows\System32\KERNEL32.DLL
0x00007fff077c0000 - 0x00007fff07a65000 	C:\Windows\System32\KERNELBASE.dll
0x00007fff08d70000 - 0x00007fff08e13000 	C:\Windows\System32\ADVAPI32.dll
0x00007fff095e0000 - 0x00007fff0967e000 	C:\Windows\System32\msvcrt.dll
0x00007fff08c40000 - 0x00007fff08cd7000 	C:\Windows\System32\sechost.dll
0x00007fff0a2f0000 - 0x00007fff0a40f000 	C:\Windows\System32\RPCRT4.dll
0x00007fff089d0000 - 0x00007fff08b64000 	C:\Windows\System32\USER32.dll
0x00007fff07f60000 - 0x00007fff07f81000 	C:\Windows\System32\win32u.dll
0x00007fff0a2c0000 - 0x00007fff0a2e6000 	C:\Windows\System32\GDI32.dll
0x00007fff07cc0000 - 0x00007fff07e58000 	C:\Windows\System32\gdi32full.dll
0x00007fff07e60000 - 0x00007fff07efe000 	C:\Windows\System32\msvcp_win.dll
0x00007fff08710000 - 0x00007fff0880a000 	C:\Windows\System32\ucrtbase.dll
0x00007fff06af0000 - 0x00007fff06d74000 	C:\Windows\WinSxS\amd64_microsoft.windows.common-controls_6595b64144ccf1df_6.0.18362.1379_none_9e7ff3b3e45cc0c4\COMCTL32.dll
0x00007fff099a0000 - 0x00007fff09cd7000 	C:\Windows\System32\combase.dll
0x00007fff07700000 - 0x00007fff07781000 	C:\Windows\System32\bcryptPrimitives.dll
0x00007fff08ce0000 - 0x00007fff08d0e000 	C:\Windows\System32\IMM32.DLL
0x000000005caa0000 - 0x000000005cb72000 	C:\Program Files\Android\Android Studio\jre\jre\bin\msvcr100.dll
0x000000005cc60000 - 0x000000005d4ab000 	C:\Program Files\Android\Android Studio\jre\jre\bin\server\jvm.dll
0x00007fff0a2b0000 - 0x00007fff0a2b8000 	C:\Windows\System32\PSAPI.DLL
0x00007fff05750000 - 0x00007fff0575a000 	C:\Windows\SYSTEM32\VERSION.dll
0x00007fff002e0000 - 0x00007fff002e9000 	C:\Windows\SYSTEM32\WSOCK32.dll
0x00007fff05840000 - 0x00007fff05864000 	C:\Windows\SYSTEM32\WINMM.dll
0x00007fff096e0000 - 0x00007fff0974f000 	C:\Windows\System32\WS2_32.dll
0x00007fff057f0000 - 0x00007fff0581d000 	C:\Windows\SYSTEM32\winmmbase.dll
0x00007fff07a70000 - 0x00007fff07aba000 	C:\Windows\System32\cfgmgr32.dll
0x00007fff001e0000 - 0x00007fff001ef000 	C:\Program Files\Android\Android Studio\jre\jre\bin\verify.dll
0x00007ffefcb90000 - 0x00007ffefcbb9000 	C:\Program Files\Android\Android Studio\jre\jre\bin\java.dll
0x00007ffeff4a0000 - 0x00007ffeff4b6000 	C:\Program Files\Android\Android Studio\jre\jre\bin\zip.dll
0x00007fff08e20000 - 0x00007fff09508000 	C:\Windows\System32\SHELL32.dll
0x00007fff09cf0000 - 0x00007fff09d97000 	C:\Windows\System32\shcore.dll
0x00007fff07f90000 - 0x00007fff0870b000 	C:\Windows\System32\windows.storage.dll
0x00007fff076b0000 - 0x00007fff076d3000 	C:\Windows\System32\profapi.dll
0x00007fff07640000 - 0x00007fff0768a000 	C:\Windows\System32\powrprof.dll
0x00007fff07610000 - 0x00007fff07620000 	C:\Windows\System32\UMPDC.dll
0x00007fff09800000 - 0x00007fff09852000 	C:\Windows\System32\shlwapi.dll
0x00007fff07690000 - 0x00007fff076a1000 	C:\Windows\System32\kernel.appcore.dll
0x00007fff076e0000 - 0x00007fff076f7000 	C:\Windows\System32\cryptsp.dll
0x00007ffefce60000 - 0x00007ffefce7a000 	C:\Program Files\Android\Android Studio\jre\jre\bin\net.dll
0x00007fff06910000 - 0x00007fff06977000 	C:\Windows\system32\mswsock.dll
0x00007ffef2a00000 - 0x00007ffef2a13000 	C:\Program Files\Android\Android Studio\jre\jre\bin\nio.dll
0x00007ffeef8e0000 - 0x00007ffeef906000 	C:\Users\Lenovo\.gradle\native\31\windows-amd64\native-platform.dll
0x00007ffefb1b0000 - 0x00007ffefb1bd000 	C:\Program Files\Android\Android Studio\jre\jre\bin\management.dll
0x00007fff06350000 - 0x00007fff06383000 	C:\Windows\system32\rsaenh.dll
0x00007fff07790000 - 0x00007fff077b6000 	C:\Windows\System32\bcrypt.dll
0x00007fff074f0000 - 0x00007fff07515000 	C:\Windows\SYSTEM32\USERENV.dll
0x00007fff06a10000 - 0x00007fff06a1c000 	C:\Windows\SYSTEM32\CRYPTBASE.dll
0x00007fff064e0000 - 0x00007fff0651a000 	C:\Windows\SYSTEM32\IPHLPAPI.DLL
0x00007fff08880000 - 0x00007fff08888000 	C:\Windows\System32\NSI.dll
0x00007ffefc2f0000 - 0x00007ffefc306000 	C:\Windows\SYSTEM32\dhcpcsvc6.DLL
0x00007ffefc220000 - 0x00007ffefc23c000 	C:\Windows\SYSTEM32\dhcpcsvc.DLL
0x00007fff06570000 - 0x00007fff0663b000 	C:\Windows\SYSTEM32\DNSAPI.dll

VM Arguments:
jvm_args: -Xmx2048m -Dfile.encoding=GBK -Duser.country=CN -Duser.language=zh -Duser.variant 
java_command: org.gradle.launcher.daemon.bootstrap.GradleDaemon 6.1.1
java_class_path (initial): C:\Users\Lenovo\.gradle\wrapper\dists\gradle-6.1.1-all\cfmwm155h49vnt3hynmlrsdst\gradle-6.1.1\lib\gradle-launcher-6.1.1.jar
Launcher Type: SUN_STANDARD

Environment Variables:
JAVA_HOME=C:\Program Files\Java\jdk1.8.0_251
CLASSPATH=.;C:\Program Files\Java\jdk1.8.0_251\bin;C:\Program Files\Java\jdk1.8.0_251\lib\dt.jar;C:\Program Files\Java\jdk1.8.0_251\lib\tools.jar
PATH=C:\Program Files (x86)\Common Files\Intel\Shared Libraries\redist\intel64_win\compiler;C:\Program Files (x86)\Common Files\Oracle\Java\javapath;C:\Windows\system32;C:\Program Files\Java\jdk1.8.0_251;C:\Program Files\nodejs;C:\Program Files\NVIDIA Corporation\NVIDIA NvDLISR;C:\Program Files (x86)\NVIDIA Corporation\PhysX\Common;C:\Windows\System32\OpenSSH\;C:\Windows\System32\WindowsPowerShell\v1.0\;C:\Windows\System32\Wbem;C:\Windows;D:\Program\Maven\apache-maven-3.6.3\bin;D:\Gradle\gradle-6.5\bin;C:\Program Files\Java\jre1.8.0_251\bin;C:\Program Files\MySQL\MySQL Server 8.0\bin;D:\Program\Matlab\bin;C:\Users\Lenovo\AppData\Local\Programs\Python\Python38-32\Scripts;C:\Program Files\python;C:\Program Files\python\Scripts;D:\Program\BtSoft\panel\script;C:\Program Files\python;C:\Program Files\python\Scripts;D:\Program\BtSoft\panel\script;C:\Program Files\python;C:\Program Files\python\Scripts;D:\Program\BtSoft\panel\script;D:\Program\httpd_2.4.46\Apache24\bin;D:\Program\php;D:\Program\php\ext;D:\Program\Go\bin;D:\Program\ffmpeg\bin;C:\Program Files\Wolfram Research\WolframScript\;C:\Users\Lenovo\AppData\Local\Android\Sdk\platform-tools;C:\Program Files\MySQL\MySQL Shell 8.0\bin\;C:\Users\Lenovo\AppData\Local\Microsoft\WindowsApps;C:\Users\Lenovo\AppData\Roaming\npm;C:\Program Files\JetBrains\PyCharm 2020.1.2\bin;C:\Users\Lenovo\AppData\Local\Programs\Microsoft VS Code\bin;C:\Users\Lenovo\AppData\Local\GitHubDesktop\bin;C:\Program Files\Java\jdk1.8.0_251\bin;D:\Dart\dart-sdk\bin;D:\flutter\bin;D:\Program\Git\bin;D:\Program\Git\mingw32\libexec\git-core;D:\Program\Git\mingw32\bin;D:\Program\Git\cmd;C:\Program Files\JetBrains\IntelliJ IDEA 2020.1.2\bin;C:\Program Files\JetBrains\WebStorm 2020.1.2\bin;C:\Program Files\JetBrains\PhpStorm 2020.1.2\bin;C:\Users\Lenovo\go\bin
USERNAME=Lenovo
OS=Windows_NT
PROCESSOR_IDENTIFIER=Intel64 Family 6 Model 126 Stepping 5, GenuineIntel



---------------  S Y S T E M  ---------------

OS: Windows 10.0 , 64 bit Build 18362 (10.0.18362.1350)

CPU:total 8 (initial active 8) (4 cores per cpu, 2 threads per core) family 6 model 126 stepping 5, cmov, cx8, fxsr, mmx, sse, sse2, sse3, ssse3, sse4.1, sse4.2, popcnt, avx, avx2, aes, clmul, erms, 3dnowpref, lzcnt, ht, tsc, tscinvbit, bmi1, bmi2, adx

Memory: 4k page, physical 16547832k(787100k free), swap 24936440k(5184k free)

vm_info: OpenJDK 64-Bit Server VM (25.242-b01) for windows-amd64 JRE (1.8.0_242-release-1644-b01), built by "builder" with MS VC++ 10.0 (VS2010)

time: Fri Mar 05 14:48:18 2021
timezone: 中国标准时间
elapsed time: 2 seconds (0d 0h 0m 2s)

